Log file open, 06/18/24 00:58:09
LogWindows: Failed to load 'aqProf.dll' (GetLastError=126)
LogWindows: File 'aqProf.dll' does not exist
LogWindows: Failed to load 'VtuneApi.dll' (GetLastError=126)
LogWindows: File 'VtuneApi.dll' does not exist
LogWindows: Failed to load 'VtuneApi32e.dll' (GetLastError=126)
LogWindows: File 'VtuneApi32e.dll' does not exist
LogConsoleResponse: Display: Failed to find resolution value strings in scalability ini. Falling back to default.
LogConsoleResponse: Display: Failed to find resolution value strings in scalability ini. Falling back to default.
LogInit: Display: Running engine for game: BDZ
LogPlatformFile: Not using cached read wrapper
LogTaskGraph: Started task graph with 5 named threads and 23 total threads with 3 sets of task threads.
LogStats: Stats thread started at 0.272645
LogICUInternationalization: ICU TimeZone Detection - Raw Offset: +3:00, Platform Override: ''
LogInit: Display: Loading text-based GConfig....
LogPluginManager: Mounting plugin MeshPainting
LogPluginManager: Mounting plugin XGEController
LogPluginManager: Mounting plugin Paper2D
LogPluginManager: Mounting plugin AISupport
LogPluginManager: Mounting plugin EnvironmentQueryEditor
LogPluginManager: Mounting plugin LiveLink
LogPluginManager: Mounting plugin LightPropagationVolume
LogPluginManager: Mounting plugin CameraShakePreviewer
LogPluginManager: Mounting plugin CLionSourceCodeAccess
LogPluginManager: Mounting plugin CodeLiteSourceCodeAccess
LogPluginManager: Mounting plugin GameplayCameras
LogPluginManager: Mounting plugin GitSourceControl
LogPluginManager: Mounting plugin AnimationSharing
LogPluginManager: Mounting plugin NullSourceCodeAccess
LogPluginManager: Mounting plugin KDevelopSourceCodeAccess
LogPluginManager: Mounting plugin PerforceSourceControl
LogPluginManager: Mounting plugin PixWinPlugin
LogPluginManager: Mounting plugin PlasticSourceControl
LogPluginManager: Mounting plugin PropertyAccessNode
LogPluginManager: Mounting plugin PluginUtils
LogPluginManager: Mounting plugin RiderSourceCodeAccess
LogPluginManager: Mounting plugin TextureFormatOodle
LogPluginManager: Mounting plugin SubversionSourceControl
LogPluginManager: Mounting plugin UObjectPlugin
LogPluginManager: Mounting plugin VisualStudioCodeSourceCodeAccess
LogPluginManager: Mounting plugin VisualStudioSourceCodeAccess
LogPluginManager: Mounting plugin XCodeSourceCodeAccess
LogPluginManager: Mounting plugin OodleData
LogPluginManager: Mounting plugin OodleNetwork
LogPluginManager: Mounting plugin DatasmithContent
LogPluginManager: Mounting plugin VariantManagerContent
LogPluginManager: Mounting plugin AssetManagerEditor
LogPluginManager: Mounting plugin Niagara
LogPluginManager: Mounting plugin LuminPlatformFeatures
LogPluginManager: Mounting plugin MagicLeap
LogPluginManager: Mounting plugin AlembicImporter
LogPluginManager: Mounting plugin AutomationUtils
LogPluginManager: Mounting plugin MagicLeapLightEstimation
LogPluginManager: Mounting plugin BackChannel
LogPluginManager: Mounting plugin MagicLeapMedia
LogPluginManager: Mounting plugin MagicLeapPassableWorld
LogPluginManager: Mounting plugin ChaosCloth
LogPluginManager: Mounting plugin ChaosClothEditor
LogPluginManager: Mounting plugin ChaosEditor
LogPluginManager: Mounting plugin MLSDK
LogPluginManager: Mounting plugin ChaosNiagara
LogPluginManager: Mounting plugin ChaosSolverPlugin
LogPluginManager: Mounting plugin AndroidMedia
LogPluginManager: Mounting plugin CryptoKeys
LogPluginManager: Mounting plugin CurveEditorTools
LogPluginManager: Mounting plugin DataValidation
LogPluginManager: Mounting plugin FacialAnimation
LogPluginManager: Mounting plugin GameplayTagsEditor
LogPluginManager: Mounting plugin GeometryMode
LogPluginManager: Mounting plugin MacGraphicsSwitching
LogPluginManager: Mounting plugin MaterialAnalyzer
LogPluginManager: Mounting plugin AvfMedia
LogPluginManager: Mounting plugin CharacterAI
LogPluginManager: Mounting plugin MobileLauncherProfileWizard
LogPluginManager: Mounting plugin PluginBrowser
LogPluginManager: Mounting plugin SpeedTreeImporter
LogPluginManager: Mounting plugin ImgMedia
LogPluginManager: Mounting plugin MediaCompositing
LogPluginManager: Mounting plugin GeometryCache
LogPluginManager: Mounting plugin MediaPlayerEditor
LogPluginManager: Mounting plugin GeometryCollectionPlugin
LogPluginManager: Mounting plugin UdpMessaging
LogPluginManager: Mounting plugin TcpMessaging
LogPluginManager: Mounting plugin WebMMedia
LogPluginManager: Mounting plugin WmfMedia
LogPluginManager: Mounting plugin GeometryProcessing
LogPluginManager: Mounting plugin MotoSynth
LogPluginManager: Mounting plugin OpenImageDenoise
LogPluginManager: Mounting plugin PlanarCut
LogPluginManager: Mounting plugin ProxyLODPlugin
LogPluginManager: Mounting plugin PlatformCrypto
LogPluginManager: Mounting plugin PythonScriptPlugin
LogPluginManager: Mounting plugin SkeletalReduction
LogPluginManager: Mounting plugin ActorSequence
LogPluginManager: Mounting plugin MatineeToLevelSequence
LogPluginManager: Mounting plugin LevelSequenceEditor
LogPluginManager: Mounting plugin TemplateSequence
LogPluginManager: Mounting plugin OnlineSubsystem
LogPluginManager: Mounting plugin OnlineSubsystemNull
LogPluginManager: Mounting plugin OnlineSubsystemUtils
LogPluginManager: Mounting plugin ActorLayerUtilities
LogPluginManager: Mounting plugin AndroidDeviceProfileSelector
LogPluginManager: Mounting plugin AndroidMoviePlayer
LogPluginManager: Mounting plugin AndroidPermission
LogPluginManager: Mounting plugin ArchVisCharacter
LogPluginManager: Mounting plugin AppleImageUtils
LogPluginManager: Mounting plugin AppleMoviePlayer
LogPluginManager: Mounting plugin AssetTags
LogPluginManager: Mounting plugin AudioCapture
LogPluginManager: Mounting plugin AudioSynesthesia
LogPluginManager: Mounting plugin CableComponent
LogPluginManager: Mounting plugin ChunkDownloader
LogPluginManager: Mounting plugin CustomMeshComponent
LogPluginManager: Mounting plugin EditableMesh
LogPluginManager: Mounting plugin ExampleDeviceProfileSelector
LogPluginManager: Mounting plugin GoogleCloudMessaging
LogPluginManager: Mounting plugin GooglePAD
LogPluginManager: Mounting plugin IOSDeviceProfileSelector
LogPluginManager: Mounting plugin LinuxDeviceProfileSelector
LogPluginManager: Mounting plugin LocationServicesBPLibrary
LogPluginManager: Mounting plugin MobilePatchingUtils
LogPluginManager: Mounting plugin OpenXR
LogPluginManager: Mounting plugin OpenXREyeTracker
LogPluginManager: Mounting plugin OpenXRHandTracking
LogPluginManager: Mounting plugin PhysXVehicles
LogPluginManager: Mounting plugin PostSplashScreen
LogPluginManager: Mounting plugin PropertyAccessEditor
LogPluginManager: Mounting plugin ProceduralMeshComponent
LogPluginManager: Mounting plugin RuntimePhysXCooking
LogPluginManager: Mounting plugin SignificanceManager
LogPluginManager: Mounting plugin SoundFields
LogPluginManager: Mounting plugin Synthesis
LogPluginManager: Mounting plugin WebMMoviePlayer
LogPluginManager: Mounting plugin WindowsMoviePlayer
LogPluginManager: Mounting plugin Takes
LogPluginManager: Mounting plugin LauncherChunkInstaller
LogPluginManager: Mounting plugin ScreenshotTools
LogPluginManager: Mounting plugin ContentBrowserAssetDataSource
LogPluginManager: Mounting plugin ContentBrowserClassDataSource
LogPluginManager: Mounting plugin ContentBrowserFileDataSource
LogPluginManager: Mounting plugin OnlineSubsystemIOS
LogPluginManager: Mounting plugin OnlineSubsystemGooglePlay
LogPluginManager: Mounting plugin OculusVR
LogPluginManager: Mounting plugin SteamVR
PixWinPlugin: PIX capture plugin failed to initialize! Check that the process is launched from PIX.
LogInit: Using libcurl 7.55.1-DEV
LogInit:  - built for x86_64-pc-win32
LogInit:  - supports SSL with OpenSSL/1.1.1
LogInit:  - supports HTTP deflate (compression) using libz 1.2.8
LogInit:  - other features:
LogInit:      CURL_VERSION_SSL
LogInit:      CURL_VERSION_LIBZ
LogInit:      CURL_VERSION_IPV6
LogInit:      CURL_VERSION_ASYNCHDNS
LogInit:      CURL_VERSION_LARGEFILE
LogInit:      CURL_VERSION_IDN
LogInit:  CurlRequestOptions (configurable via config and command line):
LogInit:  - bVerifyPeer = true  - Libcurl will verify peer certificate
LogInit:  - bUseHttpProxy = false  - Libcurl will NOT use HTTP proxy
LogInit:  - bDontReuseConnections = false  - Libcurl will reuse connections
LogInit:  - MaxHostConnections = 16  - Libcurl will limit the number of connections to a host
LogInit:  - LocalHostAddr = Default
LogInit:  - BufferSize = 65536
LogOnline: OSS: Creating online subsystem instance for: NULL
LogInit: WinSock: version 1.1 (2.2), MaxSocks=32767, MaxUdp=65467
LogOnline: OSS: TryLoadSubsystemAndSetDefault: Loaded subsystem for module [NULL]
LogOculusPluginWrapper: OculusPlugin initialized successfully
LogHMD: Failed initializing OVRPlugin 1.59.0
LogInit: Build: ++UE4+Release-4.27-CL-18319896
LogInit: Engine Version: 4.27.2-18319896+++UE4+Release-4.27
LogInit: Compatible Engine Version: 4.27.0-17155196+++UE4+Release-4.27
LogInit: Net CL: 17155196
LogInit: OS: Windows 10 (Release 2009) (), CPU: Intel(R) Core(TM) i7-7700HQ CPU @ 2.80GHz, GPU: Intel(R) HD Graphics 630
LogInit: Compiled (64-bit): Nov 30 2021 07:12:08
LogInit: Compiled with Visual C++: 19.24.28315.00
LogInit: Build Configuration: Development
LogInit: Branch Name: ++UE4+Release-4.27
LogInit: Command Line: 
LogInit: Base Directory: D:/UE_4.27/Engine/Binaries/Win64/
LogInit: Allocator: TBB
LogInit: Installed Engine Build: 1
LogDevObjectVersion: Number of dev versions registered: 29
LogDevObjectVersion:   Dev-Blueprints (B0D832E4-1F89-4F0D-ACCF-7EB736FD4AA2): 10
LogDevObjectVersion:   Dev-Build (E1C64328-A22C-4D53-A36C-8E866417BD8C): 0
LogDevObjectVersion:   Dev-Core (375EC13C-06E4-48FB-B500-84F0262A717E): 4
LogDevObjectVersion:   Dev-Editor (E4B068ED-F494-42E9-A231-DA0B2E46BB41): 40
LogDevObjectVersion:   Dev-Framework (CFFC743F-43B0-4480-9391-14DF171D2073): 37
LogDevObjectVersion:   Dev-Mobile (B02B49B5-BB20-44E9-A304-32B752E40360): 3
LogDevObjectVersion:   Dev-Networking (A4E4105C-59A1-49B5-A7C5-40C4547EDFEE): 0
LogDevObjectVersion:   Dev-Online (39C831C9-5AE6-47DC-9A44-9C173E1C8E7C): 0
LogDevObjectVersion:   Dev-Physics (78F01B33-EBEA-4F98-B9B4-84EACCB95AA2): 14
LogDevObjectVersion:   Dev-Platform (6631380F-2D4D-43E0-8009-CF276956A95A): 0
LogDevObjectVersion:   Dev-Rendering (12F88B9F-8875-4AFC-A67C-D90C383ABD29): 45
LogDevObjectVersion:   Dev-Sequencer (7B5AE74C-D270-4C10-A958-57980B212A5A): 13
LogDevObjectVersion:   Dev-VR (D7296918-1DD6-4BDD-9DE2-64A83CC13884): 3
LogDevObjectVersion:   Dev-LoadTimes (C2A15278-BFE7-4AFE-6C17-90FF531DF755): 1
LogDevObjectVersion:   Private-Geometry (6EACA3D4-40EC-4CC1-B786-8BED09428FC5): 3
LogDevObjectVersion:   Dev-AnimPhys (29E575DD-E0A3-4627-9D10-D276232CDCEA): 17
LogDevObjectVersion:   Dev-Anim (AF43A65D-7FD3-4947-9873-3E8ED9C1BB05): 15
LogDevObjectVersion:   Dev-ReflectionCapture (6B266CEC-1EC7-4B8F-A30B-E4D90942FC07): 1
LogDevObjectVersion:   Dev-Automation (0DF73D61-A23F-47EA-B727-89E90C41499A): 1
LogDevObjectVersion:   FortniteMain (601D1886-AC64-4F84-AA16-D3DE0DEAC7D6): 47
LogDevObjectVersion:   FortniteRelease (E7086368-6B23-4C58-8439-1B7016265E91): 1
LogDevObjectVersion:   Dev-Enterprise (9DFFBCD6-494F-0158-E221-12823C92A888): 10
LogDevObjectVersion:   Dev-Niagara (F2AED0AC-9AFE-416F-8664-AA7FFA26D6FC): 1
LogDevObjectVersion:   Dev-Destruction (174F1F0B-B4C6-45A5-B13F-2EE8D0FB917D): 10
LogDevObjectVersion:   Dev-Physics-Ext (35F94A83-E258-406C-A318-09F59610247C): 41
LogDevObjectVersion:   Dev-PhysicsMaterial-Chaos (B68FC16E-8B1B-42E2-B453-215C058844FE): 1
LogDevObjectVersion:   Dev-CineCamera (B2E18506-4273-CFC2-A54E-F4BB758BBA07): 1
LogDevObjectVersion:   Dev-VirtualProduction (64F58936-FD1B-42BA-BA96-7289D5D0FA4E): 1
LogDevObjectVersion:   Dev-MediaFramework (6F0ED827-A609-4895-9C91-998D90180EA4): 2
LogInit: Presizing for max 25165824 objects, including 0 objects not considered by GC, pre-allocating 0 bytes for permanent pool.
LogConfig: Applying CVar settings from Section [/Script/Engine.StreamingSettings] File [C:/Users/Алиса/Documents/GitHub/BDZ/BDZ_UE4/Saved/Config/Windows/Engine.ini]
LogConfig: Setting CVar [[s.MinBulkDataSizeForAsyncLoading:131072]]
LogConfig: Setting CVar [[s.AsyncLoadingThreadEnabled:0]]
LogConfig: Setting CVar [[s.EventDrivenLoaderEnabled:1]]
LogConfig: Setting CVar [[s.WarnIfTimeLimitExceeded:0]]
LogConfig: Setting CVar [[s.TimeLimitExceededMultiplier:1.5]]
LogConfig: Setting CVar [[s.TimeLimitExceededMinTime:0.005]]
LogConfig: Setting CVar [[s.UseBackgroundLevelStreaming:1]]
LogConfig: Setting CVar [[s.PriorityAsyncLoadingExtraTime:15.0]]
LogConfig: Setting CVar [[s.LevelStreamingActorsUpdateTimeLimit:5.0]]
LogConfig: Setting CVar [[s.PriorityLevelStreamingActorsUpdateExtraTime:5.0]]
LogConfig: Setting CVar [[s.LevelStreamingComponentsRegistrationGranularity:10]]
LogConfig: Setting CVar [[s.UnregisterComponentsTimeLimit:1.0]]
LogConfig: Setting CVar [[s.LevelStreamingComponentsUnregistrationGranularity:5]]
LogConfig: Setting CVar [[s.FlushStreamingOnExit:1]]
LogInit: Object subsystem initialized
LogConfig: Setting CVar [[con.DebugEarlyDefault:1]]
LogConfig: Setting CVar [[r.setres:1280x720]]
[2024.06.17-21.58.09:734][  0]LogConfig: Setting CVar [[r.VSync:0]]
[2024.06.17-21.58.09:734][  0]LogConfig: Setting CVar [[r.RHICmdBypass:0]]
[2024.06.17-21.58.09:734][  0]LogConfig: Applying CVar settings from Section [/Script/Engine.RendererSettings] File [C:/Users/Алиса/Documents/GitHub/BDZ/BDZ_UE4/Saved/Config/Windows/Engine.ini]
[2024.06.17-21.58.09:734][  0]LogConfig: Setting CVar [[r.GPUCrashDebugging:0]]
[2024.06.17-21.58.09:734][  0]LogConfig: Applying CVar settings from Section [/Script/Engine.RendererOverrideSettings] File [C:/Users/Алиса/Documents/GitHub/BDZ/BDZ_UE4/Saved/Config/Windows/Engine.ini]
[2024.06.17-21.58.09:734][  0]LogConfig: Applying CVar settings from Section [/Script/Engine.StreamingSettings] File [C:/Users/Алиса/Documents/GitHub/BDZ/BDZ_UE4/Saved/Config/Windows/Engine.ini]
[2024.06.17-21.58.09:734][  0]LogConfig: Setting CVar [[s.MinBulkDataSizeForAsyncLoading:131072]]
[2024.06.17-21.58.09:734][  0]LogConfig: Setting CVar [[s.AsyncLoadingThreadEnabled:0]]
[2024.06.17-21.58.09:734][  0]LogConfig: Setting CVar [[s.EventDrivenLoaderEnabled:1]]
[2024.06.17-21.58.09:734][  0]LogConfig: Setting CVar [[s.WarnIfTimeLimitExceeded:0]]
[2024.06.17-21.58.09:736][  0]LogConfig: Setting CVar [[s.TimeLimitExceededMultiplier:1.5]]
[2024.06.17-21.58.09:736][  0]LogConfig: Setting CVar [[s.TimeLimitExceededMinTime:0.005]]
[2024.06.17-21.58.09:736][  0]LogConfig: Setting CVar [[s.UseBackgroundLevelStreaming:1]]
[2024.06.17-21.58.09:736][  0]LogConfig: Setting CVar [[s.PriorityAsyncLoadingExtraTime:15.0]]
[2024.06.17-21.58.09:736][  0]LogConfig: Setting CVar [[s.LevelStreamingActorsUpdateTimeLimit:5.0]]
[2024.06.17-21.58.09:736][  0]LogConfig: Setting CVar [[s.PriorityLevelStreamingActorsUpdateExtraTime:5.0]]
[2024.06.17-21.58.09:736][  0]LogConfig: Setting CVar [[s.LevelStreamingComponentsRegistrationGranularity:10]]
[2024.06.17-21.58.09:736][  0]LogConfig: Setting CVar [[s.UnregisterComponentsTimeLimit:1.0]]
[2024.06.17-21.58.09:736][  0]LogConfig: Setting CVar [[s.LevelStreamingComponentsUnregistrationGranularity:5]]
[2024.06.17-21.58.09:736][  0]LogConfig: Setting CVar [[s.FlushStreamingOnExit:1]]
[2024.06.17-21.58.09:736][  0]LogConfig: Applying CVar settings from Section [/Script/Engine.GarbageCollectionSettings] File [C:/Users/Алиса/Documents/GitHub/BDZ/BDZ_UE4/Saved/Config/Windows/Engine.ini]
[2024.06.17-21.58.09:736][  0]LogConfig: Setting CVar [[gc.MaxObjectsNotConsideredByGC:1]]
[2024.06.17-21.58.09:736][  0]LogConfig: Setting CVar [[gc.SizeOfPermanentObjectPool:0]]
[2024.06.17-21.58.09:736][  0]LogConfig: Setting CVar [[gc.FlushStreamingOnGC:0]]
[2024.06.17-21.58.09:736][  0]LogConfig: Setting CVar [[gc.NumRetriesBeforeForcingGC:10]]
[2024.06.17-21.58.09:736][  0]LogConfig: Setting CVar [[gc.AllowParallelGC:1]]
[2024.06.17-21.58.09:736][  0]LogConfig: Setting CVar [[gc.TimeBetweenPurgingPendingKillObjects:61.1]]
[2024.06.17-21.58.09:736][  0]LogConfig: Setting CVar [[gc.MaxObjectsInEditor:25165824]]
[2024.06.17-21.58.09:736][  0]LogConfig: Setting CVar [[gc.IncrementalBeginDestroyEnabled:1]]
[2024.06.17-21.58.09:736][  0]LogConfig: Setting CVar [[gc.CreateGCClusters:1]]
[2024.06.17-21.58.09:736][  0]LogConfig: Setting CVar [[gc.MinGCClusterSize:5]]
[2024.06.17-21.58.09:736][  0]LogConfig: Setting CVar [[gc.ActorClusteringEnabled:0]]
[2024.06.17-21.58.09:736][  0]LogConfig: Setting CVar [[gc.BlueprintClusteringEnabled:0]]
[2024.06.17-21.58.09:736][  0]LogConfig: Setting CVar [[gc.UseDisregardForGCOnDedicatedServers:0]]
[2024.06.17-21.58.09:736][  0]LogConfig: Setting CVar [[gc.MultithreadedDestructionEnabled:1]]
[2024.06.17-21.58.09:736][  0]LogConfig: Applying CVar settings from Section [/Script/Engine.NetworkSettings] File [C:/Users/Алиса/Documents/GitHub/BDZ/BDZ_UE4/Saved/Config/Windows/Engine.ini]
[2024.06.17-21.58.09:736][  0]LogConfig: Applying CVar settings from Section [/Script/UnrealEd.CookerSettings] File [C:/Users/Алиса/Documents/GitHub/BDZ/BDZ_UE4/Saved/Config/Windows/Engine.ini]
[2024.06.17-21.58.09:745][  0]LogConfig: Applying CVar settings from Section [ViewDistanceQuality@3] File [C:/Users/Алиса/Documents/GitHub/BDZ/BDZ_UE4/Saved/Config/Windows/Scalability.ini]
[2024.06.17-21.58.09:745][  0]LogConfig: Setting CVar [[r.SkeletalMeshLODBias:0]]
[2024.06.17-21.58.09:745][  0]LogConfig: Setting CVar [[r.ViewDistanceScale:1.0]]
[2024.06.17-21.58.09:745][  0]LogConfig: Applying CVar settings from Section [AntiAliasingQuality@3] File [C:/Users/Алиса/Documents/GitHub/BDZ/BDZ_UE4/Saved/Config/Windows/Scalability.ini]
[2024.06.17-21.58.09:745][  0]LogConfig: Setting CVar [[r.PostProcessAAQuality:4]]
[2024.06.17-21.58.09:745][  0]LogConfig: Applying CVar settings from Section [ShadowQuality@3] File [C:/Users/Алиса/Documents/GitHub/BDZ/BDZ_UE4/Saved/Config/Windows/Scalability.ini]
[2024.06.17-21.58.09:745][  0]LogConfig: Setting CVar [[r.LightFunctionQuality:1]]
[2024.06.17-21.58.09:745][  0]LogConfig: Setting CVar [[r.ShadowQuality:5]]
[2024.06.17-21.58.09:745][  0]LogConfig: Setting CVar [[r.Shadow.CSM.MaxCascades:10]]
[2024.06.17-21.58.09:745][  0]LogConfig: Setting CVar [[r.Shadow.MaxResolution:2048]]
[2024.06.17-21.58.09:745][  0]LogConfig: Setting CVar [[r.Shadow.MaxCSMResolution:2048]]
[2024.06.17-21.58.09:745][  0]LogConfig: Setting CVar [[r.Shadow.RadiusThreshold:0.01]]
[2024.06.17-21.58.09:745][  0]LogConfig: Setting CVar [[r.Shadow.DistanceScale:1.0]]
[2024.06.17-21.58.09:745][  0]LogConfig: Setting CVar [[r.Shadow.CSM.TransitionScale:1.0]]
[2024.06.17-21.58.09:745][  0]LogConfig: Setting CVar [[r.Shadow.PreShadowResolutionFactor:1.0]]
[2024.06.17-21.58.09:746][  0]LogConfig: Setting CVar [[r.DistanceFieldShadowing:1]]
[2024.06.17-21.58.09:746][  0]LogConfig: Setting CVar [[r.DistanceFieldAO:1]]
[2024.06.17-21.58.09:746][  0]LogConfig: Setting CVar [[r.AOQuality:2]]
[2024.06.17-21.58.09:746][  0]LogConfig: Setting CVar [[r.VolumetricFog:1]]
[2024.06.17-21.58.09:746][  0]LogConfig: Setting CVar [[r.VolumetricFog.GridPixelSize:8]]
[2024.06.17-21.58.09:746][  0]LogConfig: Setting CVar [[r.VolumetricFog.GridSizeZ:128]]
[2024.06.17-21.58.09:746][  0]LogConfig: Setting CVar [[r.VolumetricFog.HistoryMissSupersampleCount:4]]
[2024.06.17-21.58.09:746][  0]LogConfig: Setting CVar [[r.LightMaxDrawDistanceScale:1]]
[2024.06.17-21.58.09:746][  0]LogConfig: Setting CVar [[r.CapsuleShadows:1]]
[2024.06.17-21.58.09:746][  0]LogConfig: Applying CVar settings from Section [PostProcessQuality@3] File [C:/Users/Алиса/Documents/GitHub/BDZ/BDZ_UE4/Saved/Config/Windows/Scalability.ini]
[2024.06.17-21.58.09:746][  0]LogConfig: Setting CVar [[r.MotionBlurQuality:4]]
[2024.06.17-21.58.09:746][  0]LogConfig: Setting CVar [[r.AmbientOcclusionMipLevelFactor:0.4]]
[2024.06.17-21.58.09:746][  0]LogConfig: Setting CVar [[r.AmbientOcclusionMaxQuality:100]]
[2024.06.17-21.58.09:746][  0]LogConfig: Setting CVar [[r.AmbientOcclusionLevels:-1]]
[2024.06.17-21.58.09:746][  0]LogConfig: Setting CVar [[r.AmbientOcclusionRadiusScale:1.0]]
[2024.06.17-21.58.09:746][  0]LogConfig: Setting CVar [[r.DepthOfFieldQuality:2]]
[2024.06.17-21.58.09:746][  0]LogConfig: Setting CVar [[r.RenderTargetPoolMin:400]]
[2024.06.17-21.58.09:746][  0]LogConfig: Setting CVar [[r.LensFlareQuality:2]]
[2024.06.17-21.58.09:746][  0]LogConfig: Setting CVar [[r.SceneColorFringeQuality:1]]
[2024.06.17-21.58.09:746][  0]LogConfig: Setting CVar [[r.EyeAdaptationQuality:2]]
[2024.06.17-21.58.09:746][  0]LogConfig: Setting CVar [[r.BloomQuality:5]]
[2024.06.17-21.58.09:746][  0]LogConfig: Setting CVar [[r.FastBlurThreshold:100]]
[2024.06.17-21.58.09:746][  0]LogConfig: Setting CVar [[r.Upscale.Quality:3]]
[2024.06.17-21.58.09:746][  0]LogConfig: Setting CVar [[r.Tonemapper.GrainQuantization:1]]
[2024.06.17-21.58.09:746][  0]LogConfig: Setting CVar [[r.LightShaftQuality:1]]
[2024.06.17-21.58.09:746][  0]LogConfig: Setting CVar [[r.Filter.SizeScale:1]]
[2024.06.17-21.58.09:746][  0]LogConfig: Setting CVar [[r.Tonemapper.Quality:5]]
[2024.06.17-21.58.09:746][  0]LogConfig: Setting CVar [[r.DOF.Gather.AccumulatorQuality:1        ; higher gathering accumulator quality]]
[2024.06.17-21.58.09:746][  0]LogConfig: Setting CVar [[r.DOF.Gather.PostfilterMethod:1          ; Median3x3 postfilering method]]
[2024.06.17-21.58.09:746][  0]LogConfig: Setting CVar [[r.DOF.Gather.EnableBokehSettings:0       ; no bokeh simulation when gathering]]
[2024.06.17-21.58.09:746][  0]LogConfig: Setting CVar [[r.DOF.Gather.RingCount:4                 ; medium number of samples when gathering]]
[2024.06.17-21.58.09:746][  0]LogConfig: Setting CVar [[r.DOF.Scatter.ForegroundCompositing:1    ; additive foreground scattering]]
[2024.06.17-21.58.09:746][  0]LogConfig: Setting CVar [[r.DOF.Scatter.BackgroundCompositing:2    ; additive background scattering]]
[2024.06.17-21.58.09:746][  0]LogConfig: Setting CVar [[r.DOF.Scatter.EnableBokehSettings:1      ; bokeh simulation when scattering]]
[2024.06.17-21.58.09:746][  0]LogConfig: Setting CVar [[r.DOF.Scatter.MaxSpriteRatio:0.1         ; only a maximum of 10% of scattered bokeh]]
[2024.06.17-21.58.09:746][  0]LogConfig: Setting CVar [[r.DOF.Recombine.Quality:1                ; cheap slight out of focus]]
[2024.06.17-21.58.09:746][  0]LogConfig: Setting CVar [[r.DOF.Recombine.EnableBokehSettings:0    ; no bokeh simulation on slight out of focus]]
[2024.06.17-21.58.09:746][  0]LogConfig: Setting CVar [[r.DOF.TemporalAAQuality:1                ; more stable temporal accumulation]]
[2024.06.17-21.58.09:746][  0]LogConfig: Setting CVar [[r.DOF.Kernel.MaxForegroundRadius:0.025]]
[2024.06.17-21.58.09:746][  0]LogConfig: Setting CVar [[r.DOF.Kernel.MaxBackgroundRadius:0.025]]
[2024.06.17-21.58.09:746][  0]LogConfig: Applying CVar settings from Section [TextureQuality@3] File [C:/Users/Алиса/Documents/GitHub/BDZ/BDZ_UE4/Saved/Config/Windows/Scalability.ini]
[2024.06.17-21.58.09:746][  0]LogConfig: Setting CVar [[r.Streaming.MipBias:0]]
[2024.06.17-21.58.09:746][  0]LogConfig: Setting CVar [[r.Streaming.AmortizeCPUToGPUCopy:0]]
[2024.06.17-21.58.09:746][  0]LogConfig: Setting CVar [[r.Streaming.MaxNumTexturesToStreamPerFrame:0]]
[2024.06.17-21.58.09:746][  0]LogConfig: Setting CVar [[r.Streaming.Boost:1]]
[2024.06.17-21.58.09:746][  0]LogConfig: Setting CVar [[r.MaxAnisotropy:8]]
[2024.06.17-21.58.09:746][  0]LogConfig: Setting CVar [[r.VT.MaxAnisotropy:8]]
[2024.06.17-21.58.09:746][  0]LogConfig: Setting CVar [[r.Streaming.LimitPoolSizeToVRAM:0]]
[2024.06.17-21.58.09:746][  0]LogConfig: Setting CVar [[r.Streaming.PoolSize:1000]]
[2024.06.17-21.58.09:746][  0]LogConfig: Setting CVar [[r.Streaming.MaxEffectiveScreenSize:0]]
[2024.06.17-21.58.09:746][  0]LogConfig: Applying CVar settings from Section [EffectsQuality@3] File [C:/Users/Алиса/Documents/GitHub/BDZ/BDZ_UE4/Saved/Config/Windows/Scalability.ini]
[2024.06.17-21.58.09:746][  0]LogConfig: Setting CVar [[r.TranslucencyLightingVolumeDim:64]]
[2024.06.17-21.58.09:746][  0]LogConfig: Setting CVar [[r.RefractionQuality:2]]
[2024.06.17-21.58.09:746][  0]LogConfig: Setting CVar [[r.SSR.Quality:3]]
[2024.06.17-21.58.09:746][  0]LogConfig: Setting CVar [[r.SSR.HalfResSceneColor:0]]
[2024.06.17-21.58.09:746][  0]LogConfig: Setting CVar [[r.SceneColorFormat:4]]
[2024.06.17-21.58.09:746][  0]LogConfig: Setting CVar [[r.DetailMode:2]]
[2024.06.17-21.58.09:746][  0]LogConfig: Setting CVar [[r.TranslucencyVolumeBlur:1]]
[2024.06.17-21.58.09:746][  0]LogConfig: Setting CVar [[r.MaterialQualityLevel:1 ; High quality]]
[2024.06.17-21.58.09:746][  0]LogConfig: Setting CVar [[r.AnisotropicMaterials:1]]
[2024.06.17-21.58.09:746][  0]LogConfig: Setting CVar [[r.SSS.Scale:1]]
[2024.06.17-21.58.09:746][  0]LogConfig: Setting CVar [[r.SSS.SampleSet:2]]
[2024.06.17-21.58.09:746][  0]LogConfig: Setting CVar [[r.SSS.Quality:1]]
[2024.06.17-21.58.09:746][  0]LogConfig: Setting CVar [[r.SSS.HalfRes:0]]
[2024.06.17-21.58.09:746][  0]LogConfig: Setting CVar [[r.SSGI.Quality:3]]
[2024.06.17-21.58.09:746][  0]LogConfig: Setting CVar [[r.EmitterSpawnRateScale:1.0]]
[2024.06.17-21.58.09:746][  0]LogConfig: Setting CVar [[r.ParticleLightQuality:2]]
[2024.06.17-21.58.09:746][  0]LogConfig: Setting CVar [[r.SkyAtmosphere.AerialPerspectiveLUT.FastApplyOnOpaque:1 ; Always have FastSkyLUT 1 in this case to avoid wrong sky]]
[2024.06.17-21.58.09:746][  0]LogConfig: Setting CVar [[r.SkyAtmosphere.AerialPerspectiveLUT.SampleCountMaxPerSlice:4]]
[2024.06.17-21.58.09:746][  0]LogConfig: Setting CVar [[r.SkyAtmosphere.AerialPerspectiveLUT.DepthResolution:16.0]]
[2024.06.17-21.58.09:746][  0]LogConfig: Setting CVar [[r.SkyAtmosphere.FastSkyLUT:1]]
[2024.06.17-21.58.09:746][  0]LogConfig: Setting CVar [[r.SkyAtmosphere.FastSkyLUT.SampleCountMin:4.0]]
[2024.06.17-21.58.09:746][  0]LogConfig: Setting CVar [[r.SkyAtmosphere.FastSkyLUT.SampleCountMax:128.0]]
[2024.06.17-21.58.09:746][  0]LogConfig: Setting CVar [[r.SkyAtmosphere.SampleCountMin:4.0]]
[2024.06.17-21.58.09:747][  0]LogConfig: Setting CVar [[r.SkyAtmosphere.SampleCountMax:128.0]]
[2024.06.17-21.58.09:747][  0]LogConfig: Setting CVar [[r.SkyAtmosphere.TransmittanceLUT.UseSmallFormat:0]]
[2024.06.17-21.58.09:747][  0]LogConfig: Setting CVar [[r.SkyAtmosphere.TransmittanceLUT.SampleCount:10.0]]
[2024.06.17-21.58.09:747][  0]LogConfig: Setting CVar [[r.SkyAtmosphere.MultiScatteringLUT.SampleCount:15.0]]
[2024.06.17-21.58.09:747][  0]LogConfig: Setting CVar [[r.SkyLight.RealTimeReflectionCapture:1]]
[2024.06.17-21.58.09:747][  0]LogConfig: Applying CVar settings from Section [FoliageQuality@3] File [C:/Users/Алиса/Documents/GitHub/BDZ/BDZ_UE4/Saved/Config/Windows/Scalability.ini]
[2024.06.17-21.58.09:747][  0]LogConfig: Setting CVar [[foliage.DensityScale:1.0]]
[2024.06.17-21.58.09:747][  0]LogConfig: Setting CVar [[grass.DensityScale:1.0]]
[2024.06.17-21.58.09:747][  0]LogConfig: Applying CVar settings from Section [ShadingQuality@3] File [C:/Users/Алиса/Documents/GitHub/BDZ/BDZ_UE4/Saved/Config/Windows/Scalability.ini]
[2024.06.17-21.58.09:747][  0]LogConfig: Setting CVar [[r.HairStrands.SkyLighting.IntegrationType:2]]
[2024.06.17-21.58.09:747][  0]LogConfig: Setting CVar [[r.HairStrands.SkyAO.SampleCount:4]]
[2024.06.17-21.58.09:747][  0]LogConfig: Setting CVar [[r.HairStrands.Visibility.MSAA.SamplePerPixel:4]]
[2024.06.17-21.58.09:747][  0]LogInit: Selected Device Profile: [Windows]
[2024.06.17-21.58.09:747][  0]LogInit: Applying CVar settings loaded from the selected device profile: [Windows]
[2024.06.17-21.58.09:747][  0]LogHAL: Display: Platform has ~ 8 GB [8503734272 / 8589934592 / 8], which maps to Default [LargestMinGB=32, LargerMinGB=12, DefaultMinGB=8, SmallerMinGB=6, SmallestMinGB=0)
[2024.06.17-21.58.09:747][  0]LogInit: Going up to parent DeviceProfile []
[2024.06.17-21.58.09:747][  0]LogConfig: Applying CVar settings from Section [ViewDistanceQuality@3] File [C:/Users/Алиса/Documents/GitHub/BDZ/BDZ_UE4/Saved/Config/Windows/Scalability.ini]
[2024.06.17-21.58.09:747][  0]LogConfig: Setting CVar [[r.SkeletalMeshLODBias:0]]
[2024.06.17-21.58.09:747][  0]LogConfig: Setting CVar [[r.ViewDistanceScale:1.0]]
[2024.06.17-21.58.09:747][  0]LogConfig: Applying CVar settings from Section [AntiAliasingQuality@3] File [C:/Users/Алиса/Documents/GitHub/BDZ/BDZ_UE4/Saved/Config/Windows/Scalability.ini]
[2024.06.17-21.58.09:747][  0]LogConfig: Setting CVar [[r.PostProcessAAQuality:4]]
[2024.06.17-21.58.09:747][  0]LogConfig: Applying CVar settings from Section [ShadowQuality@3] File [C:/Users/Алиса/Documents/GitHub/BDZ/BDZ_UE4/Saved/Config/Windows/Scalability.ini]
[2024.06.17-21.58.09:747][  0]LogConfig: Setting CVar [[r.LightFunctionQuality:1]]
[2024.06.17-21.58.09:747][  0]LogConfig: Setting CVar [[r.ShadowQuality:5]]
[2024.06.17-21.58.09:747][  0]LogConfig: Setting CVar [[r.Shadow.CSM.MaxCascades:10]]
[2024.06.17-21.58.09:747][  0]LogConfig: Setting CVar [[r.Shadow.MaxResolution:2048]]
[2024.06.17-21.58.09:747][  0]LogConfig: Setting CVar [[r.Shadow.MaxCSMResolution:2048]]
[2024.06.17-21.58.09:747][  0]LogConfig: Setting CVar [[r.Shadow.RadiusThreshold:0.01]]
[2024.06.17-21.58.09:747][  0]LogConfig: Setting CVar [[r.Shadow.DistanceScale:1.0]]
[2024.06.17-21.58.09:747][  0]LogConfig: Setting CVar [[r.Shadow.CSM.TransitionScale:1.0]]
[2024.06.17-21.58.09:747][  0]LogConfig: Setting CVar [[r.Shadow.PreShadowResolutionFactor:1.0]]
[2024.06.17-21.58.09:747][  0]LogConfig: Setting CVar [[r.DistanceFieldShadowing:1]]
[2024.06.17-21.58.09:747][  0]LogConfig: Setting CVar [[r.DistanceFieldAO:1]]
[2024.06.17-21.58.09:747][  0]LogConfig: Setting CVar [[r.AOQuality:2]]
[2024.06.17-21.58.09:747][  0]LogConfig: Setting CVar [[r.VolumetricFog:1]]
[2024.06.17-21.58.09:747][  0]LogConfig: Setting CVar [[r.VolumetricFog.GridPixelSize:8]]
[2024.06.17-21.58.09:747][  0]LogConfig: Setting CVar [[r.VolumetricFog.GridSizeZ:128]]
[2024.06.17-21.58.09:747][  0]LogConfig: Setting CVar [[r.VolumetricFog.HistoryMissSupersampleCount:4]]
[2024.06.17-21.58.09:747][  0]LogConfig: Setting CVar [[r.LightMaxDrawDistanceScale:1]]
[2024.06.17-21.58.09:747][  0]LogConfig: Setting CVar [[r.CapsuleShadows:1]]
[2024.06.17-21.58.09:747][  0]LogConfig: Applying CVar settings from Section [PostProcessQuality@3] File [C:/Users/Алиса/Documents/GitHub/BDZ/BDZ_UE4/Saved/Config/Windows/Scalability.ini]
[2024.06.17-21.58.09:747][  0]LogConfig: Setting CVar [[r.MotionBlurQuality:4]]
[2024.06.17-21.58.09:747][  0]LogConfig: Setting CVar [[r.AmbientOcclusionMipLevelFactor:0.4]]
[2024.06.17-21.58.09:747][  0]LogConfig: Setting CVar [[r.AmbientOcclusionMaxQuality:100]]
[2024.06.17-21.58.09:747][  0]LogConfig: Setting CVar [[r.AmbientOcclusionLevels:-1]]
[2024.06.17-21.58.09:747][  0]LogConfig: Setting CVar [[r.AmbientOcclusionRadiusScale:1.0]]
[2024.06.17-21.58.09:747][  0]LogConfig: Setting CVar [[r.DepthOfFieldQuality:2]]
[2024.06.17-21.58.09:747][  0]LogConfig: Setting CVar [[r.RenderTargetPoolMin:400]]
[2024.06.17-21.58.09:747][  0]LogConfig: Setting CVar [[r.LensFlareQuality:2]]
[2024.06.17-21.58.09:747][  0]LogConfig: Setting CVar [[r.SceneColorFringeQuality:1]]
[2024.06.17-21.58.09:747][  0]LogConfig: Setting CVar [[r.EyeAdaptationQuality:2]]
[2024.06.17-21.58.09:747][  0]LogConfig: Setting CVar [[r.BloomQuality:5]]
[2024.06.17-21.58.09:747][  0]LogConfig: Setting CVar [[r.FastBlurThreshold:100]]
[2024.06.17-21.58.09:747][  0]LogConfig: Setting CVar [[r.Upscale.Quality:3]]
[2024.06.17-21.58.09:747][  0]LogConfig: Setting CVar [[r.Tonemapper.GrainQuantization:1]]
[2024.06.17-21.58.09:747][  0]LogConfig: Setting CVar [[r.LightShaftQuality:1]]
[2024.06.17-21.58.09:747][  0]LogConfig: Setting CVar [[r.Filter.SizeScale:1]]
[2024.06.17-21.58.09:747][  0]LogConfig: Setting CVar [[r.Tonemapper.Quality:5]]
[2024.06.17-21.58.09:747][  0]LogConfig: Setting CVar [[r.DOF.Gather.AccumulatorQuality:1        ; higher gathering accumulator quality]]
[2024.06.17-21.58.09:747][  0]LogConfig: Setting CVar [[r.DOF.Gather.PostfilterMethod:1          ; Median3x3 postfilering method]]
[2024.06.17-21.58.09:747][  0]LogConfig: Setting CVar [[r.DOF.Gather.EnableBokehSettings:0       ; no bokeh simulation when gathering]]
[2024.06.17-21.58.09:747][  0]LogConfig: Setting CVar [[r.DOF.Gather.RingCount:4                 ; medium number of samples when gathering]]
[2024.06.17-21.58.09:747][  0]LogConfig: Setting CVar [[r.DOF.Scatter.ForegroundCompositing:1    ; additive foreground scattering]]
[2024.06.17-21.58.09:747][  0]LogConfig: Setting CVar [[r.DOF.Scatter.BackgroundCompositing:2    ; additive background scattering]]
[2024.06.17-21.58.09:747][  0]LogConfig: Setting CVar [[r.DOF.Scatter.EnableBokehSettings:1      ; bokeh simulation when scattering]]
[2024.06.17-21.58.09:747][  0]LogConfig: Setting CVar [[r.DOF.Scatter.MaxSpriteRatio:0.1         ; only a maximum of 10% of scattered bokeh]]
[2024.06.17-21.58.09:748][  0]LogConfig: Setting CVar [[r.DOF.Recombine.Quality:1                ; cheap slight out of focus]]
[2024.06.17-21.58.09:748][  0]LogConfig: Setting CVar [[r.DOF.Recombine.EnableBokehSettings:0    ; no bokeh simulation on slight out of focus]]
[2024.06.17-21.58.09:748][  0]LogConfig: Setting CVar [[r.DOF.TemporalAAQuality:1                ; more stable temporal accumulation]]
[2024.06.17-21.58.09:748][  0]LogConfig: Setting CVar [[r.DOF.Kernel.MaxForegroundRadius:0.025]]
[2024.06.17-21.58.09:748][  0]LogConfig: Setting CVar [[r.DOF.Kernel.MaxBackgroundRadius:0.025]]
[2024.06.17-21.58.09:748][  0]LogConfig: Applying CVar settings from Section [TextureQuality@3] File [C:/Users/Алиса/Documents/GitHub/BDZ/BDZ_UE4/Saved/Config/Windows/Scalability.ini]
[2024.06.17-21.58.09:748][  0]LogConfig: Setting CVar [[r.Streaming.MipBias:0]]
[2024.06.17-21.58.09:748][  0]LogConfig: Setting CVar [[r.Streaming.AmortizeCPUToGPUCopy:0]]
[2024.06.17-21.58.09:748][  0]LogConfig: Setting CVar [[r.Streaming.MaxNumTexturesToStreamPerFrame:0]]
[2024.06.17-21.58.09:748][  0]LogConfig: Setting CVar [[r.Streaming.Boost:1]]
[2024.06.17-21.58.09:748][  0]LogConfig: Setting CVar [[r.MaxAnisotropy:8]]
[2024.06.17-21.58.09:748][  0]LogConfig: Setting CVar [[r.VT.MaxAnisotropy:8]]
[2024.06.17-21.58.09:748][  0]LogConfig: Setting CVar [[r.Streaming.LimitPoolSizeToVRAM:0]]
[2024.06.17-21.58.09:748][  0]LogConfig: Setting CVar [[r.Streaming.PoolSize:1000]]
[2024.06.17-21.58.09:748][  0]LogConfig: Setting CVar [[r.Streaming.MaxEffectiveScreenSize:0]]
[2024.06.17-21.58.09:748][  0]LogConfig: Applying CVar settings from Section [EffectsQuality@3] File [C:/Users/Алиса/Documents/GitHub/BDZ/BDZ_UE4/Saved/Config/Windows/Scalability.ini]
[2024.06.17-21.58.09:748][  0]LogConfig: Setting CVar [[r.TranslucencyLightingVolumeDim:64]]
[2024.06.17-21.58.09:748][  0]LogConfig: Setting CVar [[r.RefractionQuality:2]]
[2024.06.17-21.58.09:748][  0]LogConfig: Setting CVar [[r.SSR.Quality:3]]
[2024.06.17-21.58.09:748][  0]LogConfig: Setting CVar [[r.SSR.HalfResSceneColor:0]]
[2024.06.17-21.58.09:748][  0]LogConfig: Setting CVar [[r.SceneColorFormat:4]]
[2024.06.17-21.58.09:748][  0]LogConfig: Setting CVar [[r.DetailMode:2]]
[2024.06.17-21.58.09:748][  0]LogConfig: Setting CVar [[r.TranslucencyVolumeBlur:1]]
[2024.06.17-21.58.09:748][  0]LogConfig: Setting CVar [[r.MaterialQualityLevel:1 ; High quality]]
[2024.06.17-21.58.09:748][  0]LogConfig: Setting CVar [[r.AnisotropicMaterials:1]]
[2024.06.17-21.58.09:748][  0]LogConfig: Setting CVar [[r.SSS.Scale:1]]
[2024.06.17-21.58.09:748][  0]LogConfig: Setting CVar [[r.SSS.SampleSet:2]]
[2024.06.17-21.58.09:748][  0]LogConfig: Setting CVar [[r.SSS.Quality:1]]
[2024.06.17-21.58.09:748][  0]LogConfig: Setting CVar [[r.SSS.HalfRes:0]]
[2024.06.17-21.58.09:748][  0]LogConfig: Setting CVar [[r.SSGI.Quality:3]]
[2024.06.17-21.58.09:748][  0]LogConfig: Setting CVar [[r.EmitterSpawnRateScale:1.0]]
[2024.06.17-21.58.09:748][  0]LogConfig: Setting CVar [[r.ParticleLightQuality:2]]
[2024.06.17-21.58.09:748][  0]LogConfig: Setting CVar [[r.SkyAtmosphere.AerialPerspectiveLUT.FastApplyOnOpaque:1 ; Always have FastSkyLUT 1 in this case to avoid wrong sky]]
[2024.06.17-21.58.09:748][  0]LogConfig: Setting CVar [[r.SkyAtmosphere.AerialPerspectiveLUT.SampleCountMaxPerSlice:4]]
[2024.06.17-21.58.09:748][  0]LogConfig: Setting CVar [[r.SkyAtmosphere.AerialPerspectiveLUT.DepthResolution:16.0]]
[2024.06.17-21.58.09:748][  0]LogConfig: Setting CVar [[r.SkyAtmosphere.FastSkyLUT:1]]
[2024.06.17-21.58.09:748][  0]LogConfig: Setting CVar [[r.SkyAtmosphere.FastSkyLUT.SampleCountMin:4.0]]
[2024.06.17-21.58.09:748][  0]LogConfig: Setting CVar [[r.SkyAtmosphere.FastSkyLUT.SampleCountMax:128.0]]
[2024.06.17-21.58.09:748][  0]LogConfig: Setting CVar [[r.SkyAtmosphere.SampleCountMin:4.0]]
[2024.06.17-21.58.09:748][  0]LogConfig: Setting CVar [[r.SkyAtmosphere.SampleCountMax:128.0]]
[2024.06.17-21.58.09:748][  0]LogConfig: Setting CVar [[r.SkyAtmosphere.TransmittanceLUT.UseSmallFormat:0]]
[2024.06.17-21.58.09:748][  0]LogConfig: Setting CVar [[r.SkyAtmosphere.TransmittanceLUT.SampleCount:10.0]]
[2024.06.17-21.58.09:748][  0]LogConfig: Setting CVar [[r.SkyAtmosphere.MultiScatteringLUT.SampleCount:15.0]]
[2024.06.17-21.58.09:748][  0]LogConfig: Setting CVar [[r.SkyLight.RealTimeReflectionCapture:1]]
[2024.06.17-21.58.09:748][  0]LogConfig: Applying CVar settings from Section [FoliageQuality@3] File [C:/Users/Алиса/Documents/GitHub/BDZ/BDZ_UE4/Saved/Config/Windows/Scalability.ini]
[2024.06.17-21.58.09:748][  0]LogConfig: Setting CVar [[foliage.DensityScale:1.0]]
[2024.06.17-21.58.09:748][  0]LogConfig: Setting CVar [[grass.DensityScale:1.0]]
[2024.06.17-21.58.09:748][  0]LogConfig: Applying CVar settings from Section [ShadingQuality@3] File [C:/Users/Алиса/Documents/GitHub/BDZ/BDZ_UE4/Saved/Config/Windows/Scalability.ini]
[2024.06.17-21.58.09:748][  0]LogConfig: Setting CVar [[r.HairStrands.SkyLighting.IntegrationType:2]]
[2024.06.17-21.58.09:748][  0]LogConfig: Setting CVar [[r.HairStrands.SkyAO.SampleCount:4]]
[2024.06.17-21.58.09:748][  0]LogConfig: Setting CVar [[r.HairStrands.Visibility.MSAA.SamplePerPixel:4]]
[2024.06.17-21.58.09:748][  0]LogConfig: Applying CVar settings from Section [Startup] File [../../../Engine/Config/ConsoleVariables.ini]
[2024.06.17-21.58.09:748][  0]LogConfig: Setting CVar [[net.UseAdaptiveNetUpdateFrequency:0]]
[2024.06.17-21.58.09:748][  0]LogConfig: Setting CVar [[p.chaos.AllowCreatePhysxBodies:1]]
[2024.06.17-21.58.09:748][  0]LogConfig: Setting CVar [[fx.SkipVectorVMBackendOptimizations:1]]
[2024.06.17-21.58.09:748][  0]LogConfig: Applying CVar settings from Section [ConsoleVariables] File [C:/Users/Алиса/Documents/GitHub/BDZ/BDZ_UE4/Saved/Config/Windows/Engine.ini]
[2024.06.17-21.58.09:748][  0]LogConfig: Applying CVar settings from Section [ConsoleVariables] File [C:/Users/Алиса/Documents/GitHub/BDZ/BDZ_UE4/Saved/Config/Windows/Editor.ini]
[2024.06.17-21.58.09:748][  0]LogInit: Computer: ALICE
[2024.06.17-21.58.09:749][  0]LogInit: User: Алиса
[2024.06.17-21.58.09:749][  0]LogInit: CPU Page size=4096, Cores=4
[2024.06.17-21.58.09:749][  0]LogInit: High frequency timer resolution =10.000000 MHz
[2024.06.17-21.58.09:749][  0]LogMemory: Memory total: Physical=7.9GB (8GB approx)
[2024.06.17-21.58.09:749][  0]LogMemory: Platform Memory Stats for Windows
[2024.06.17-21.58.09:749][  0]LogMemory: Process Physical Memory: 142.58 MB used, 142.58 MB peak
[2024.06.17-21.58.09:749][  0]LogMemory: Process Virtual Memory: 126.65 MB used, 126.65 MB peak
[2024.06.17-21.58.09:749][  0]LogMemory: Physical Memory: 5626.68 MB used,  2483.12 MB free, 8109.79 MB total
[2024.06.17-21.58.09:749][  0]LogMemory: Virtual Memory: 134209232.00 MB used,  8492.18 MB free, 134217728.00 MB total
[2024.06.17-21.58.09:755][  0]LogWindows: WindowsPlatformFeatures enabled
[2024.06.17-21.58.09:784][  0]LogInit: Physics initialised using underlying interface: PhysX
[2024.06.17-21.58.09:785][  0]LogInit: Using OS detected language (ru-RU).
[2024.06.17-21.58.09:785][  0]LogInit: Using OS detected locale (ru-RU).
[2024.06.17-21.58.09:787][  0]LogTextLocalizationManager: No specific localization for 'ru-RU' exists, so the 'ru' localization will be used.
[2024.06.17-21.58.09:788][  0]LogTextLocalizationResource: LocRes '../../../Engine/Content/Localization/Editor/ru/Editor.locres' could not be opened for reading!
[2024.06.17-21.58.09:788][  0]LogTextLocalizationResource: LocRes '../../../Engine/Content/Localization/EditorTutorials/ru/EditorTutorials.locres' could not be opened for reading!
[2024.06.17-21.58.09:788][  0]LogTextLocalizationResource: LocRes '../../../Engine/Content/Localization/Keywords/ru/Keywords.locres' could not be opened for reading!
[2024.06.17-21.58.09:788][  0]LogTextLocalizationResource: LocRes '../../../Engine/Content/Localization/Category/ru/Category.locres' could not be opened for reading!
[2024.06.17-21.58.09:788][  0]LogTextLocalizationResource: LocRes '../../../Engine/Content/Localization/ToolTips/ru/ToolTips.locres' could not be opened for reading!
[2024.06.17-21.58.09:788][  0]LogTextLocalizationResource: LocRes '../../../Engine/Content/Localization/PropertyNames/ru/PropertyNames.locres' could not be opened for reading!
[2024.06.17-21.58.09:788][  0]LogTextLocalizationResource: LocRes '../../../Engine/Content/Localization/Engine/ru/Engine.locres' could not be opened for reading!
[2024.06.17-21.58.09:789][  0]LogInit: Setting process to per monitor DPI aware
[2024.06.17-21.58.09:803][  0]LogWindowsTextInputMethodSystem: Display: IME system deactivated.
[2024.06.17-21.58.09:819][  0]LogSlate: New Slate User Created.  User Index 0, Is Virtual User: 0
[2024.06.17-21.58.09:819][  0]LogSlate: Slate User Registered.  User Index 0, Is Virtual User: 0
[2024.06.17-21.58.09:962][  0]LogD3D11RHI: Loaded GFSDK_Aftermath_Lib.x64.dll
[2024.06.17-21.58.10:012][  0]LogHMD: Failed to initialize OpenVR with code 110
[2024.06.17-21.58.10:012][  0]LogD3D11RHI: D3D11 min allowed feature level: 11_0
[2024.06.17-21.58.10:012][  0]LogD3D11RHI: D3D11 max allowed feature level: 11_0
[2024.06.17-21.58.10:012][  0]LogD3D11RHI: D3D11 adapters:
[2024.06.17-21.58.10:104][  0]LogD3D11RHI:    0. 'NVIDIA GeForce GTX 1050' (Feature Level 11_0)
[2024.06.17-21.58.10:104][  0]LogD3D11RHI:       1979/0/4054 MB DedicatedVideo/DedicatedSystem/SharedSystem, Outputs:1, VendorId:0x10de
[2024.06.17-21.58.10:123][  0]LogD3D11RHI:    1. 'Intel(R) HD Graphics 630' (Feature Level 11_0)
[2024.06.17-21.58.10:123][  0]LogD3D11RHI:       128/0/4054 MB DedicatedVideo/DedicatedSystem/SharedSystem, Outputs:0, VendorId:0x8086
[2024.06.17-21.58.10:125][  0]LogD3D11RHI:    2. 'Microsoft Basic Render Driver' (Feature Level 11_0)
[2024.06.17-21.58.10:125][  0]LogD3D11RHI:       0/0/4054 MB DedicatedVideo/DedicatedSystem/SharedSystem, Outputs:0, VendorId:0x1414
[2024.06.17-21.58.10:125][  0]LogD3D11RHI: Chosen D3D11 Adapter:
[2024.06.17-21.58.10:125][  0]LogD3D11RHI:     Description : NVIDIA GeForce GTX 1050
[2024.06.17-21.58.10:125][  0]LogD3D11RHI:     VendorId    : 10de
[2024.06.17-21.58.10:125][  0]LogD3D11RHI:     DeviceId    : 1c8d
[2024.06.17-21.58.10:125][  0]LogD3D11RHI:     SubSysId    : 11c81462
[2024.06.17-21.58.10:125][  0]LogD3D11RHI:     Revision    : 00a1
[2024.06.17-21.58.10:125][  0]LogD3D11RHI:     DedicatedVideoMemory : 2075844608 bytes
[2024.06.17-21.58.10:125][  0]LogD3D11RHI:     DedicatedSystemMemory : 0 bytes
[2024.06.17-21.58.10:125][  0]LogD3D11RHI:     SharedSystemMemory : 4251867136 bytes
[2024.06.17-21.58.10:125][  0]LogD3D11RHI:     AdapterLuid : 0 96196
[2024.06.17-21.58.10:130][  0]LogD3D11RHI: Creating new Direct3DDevice
[2024.06.17-21.58.10:131][  0]LogD3D11RHI:     GPU DeviceId: 0x1c8d (for the marketing name, search the web for "GPU Device Id")
[2024.06.17-21.58.10:131][  0]LogWindows: EnumDisplayDevices:
[2024.06.17-21.58.10:131][  0]LogWindows:    0. 'Intel(R) HD Graphics 630' (P:1 D:1)
[2024.06.17-21.58.10:131][  0]LogWindows:    1. 'Intel(R) HD Graphics 630' (P:0 D:0)
[2024.06.17-21.58.10:131][  0]LogWindows:    2. 'Intel(R) HD Graphics 630' (P:0 D:0)
[2024.06.17-21.58.10:132][  0]LogWindows: DebugString: PrimaryIsNotTheChoosenAdapter PrimaryIsNotTheChoosenAdapter PrimaryIsNotTheChoosenAdapter FoundDriverCount:0 
[2024.06.17-21.58.10:132][  0]LogD3D11RHI:     Adapter Name: NVIDIA GeForce GTX 1050
[2024.06.17-21.58.10:132][  0]LogD3D11RHI:   Driver Version: Unknown (internal:Unknown, unified:Unknown)
[2024.06.17-21.58.10:132][  0]LogD3D11RHI:      Driver Date: Unknown
[2024.06.17-21.58.10:132][  0]LogRHI: Texture pool is 1385 MB (70% of 1979 MB)
[2024.06.17-21.58.10:132][  0]LogD3D11RHI: Creating D3DDevice using adapter:
[2024.06.17-21.58.10:132][  0]LogD3D11RHI:     Description : NVIDIA GeForce GTX 1050
[2024.06.17-21.58.10:132][  0]LogD3D11RHI:     VendorId    : 10de
[2024.06.17-21.58.10:132][  0]LogD3D11RHI:     DeviceId    : 1c8d
[2024.06.17-21.58.10:132][  0]LogD3D11RHI:     SubSysId    : 11c81462
[2024.06.17-21.58.10:132][  0]LogD3D11RHI:     Revision    : 00a1
[2024.06.17-21.58.10:132][  0]LogD3D11RHI:     DedicatedVideoMemory : 2075844608 bytes
[2024.06.17-21.58.10:132][  0]LogD3D11RHI:     DedicatedSystemMemory : 0 bytes
[2024.06.17-21.58.10:132][  0]LogD3D11RHI:     SharedSystemMemory : 4251867136 bytes
[2024.06.17-21.58.10:132][  0]LogD3D11RHI:     AdapterLuid : 0 96196
[2024.06.17-21.58.10:185][  0]LogD3D11RHI: RHI has support for 64 bit atomics
[2024.06.17-21.58.10:185][  0]LogD3D11RHI: Async texture creation enabled
[2024.06.17-21.58.10:185][  0]LogD3D11RHI: Array index from any shader is supported
[2024.06.17-21.58.10:207][  0]LogD3D11RHI: GPU Timing Frequency: 1000.000000 (Debug: 2 2)
[2024.06.17-21.58.10:260][  0]LogRHI: GeForceNow SDK initialized: 1
[2024.06.17-21.58.12:697][  0]LogTargetPlatformManager: Display: Loaded TargetPlatform 'AllDesktop'
[2024.06.17-21.58.12:719][  0]LogTargetPlatformManager: Display: Loaded TargetPlatform 'Android'
[2024.06.17-21.58.12:719][  0]LogTargetPlatformManager: Display: Loaded TargetPlatform 'Android_ASTC'
[2024.06.17-21.58.12:719][  0]LogTargetPlatformManager: Display: Loaded TargetPlatform 'Android_DXT'
[2024.06.17-21.58.12:719][  0]LogTargetPlatformManager: Display: Loaded TargetPlatform 'Android_ETC2'
[2024.06.17-21.58.12:719][  0]LogTargetPlatformManager: Display: Loaded TargetPlatform 'AndroidClient'
[2024.06.17-21.58.12:719][  0]LogTargetPlatformManager: Display: Loaded TargetPlatform 'Android_ASTCClient'
[2024.06.17-21.58.12:719][  0]LogTargetPlatformManager: Display: Loaded TargetPlatform 'Android_DXTClient'
[2024.06.17-21.58.12:719][  0]LogTargetPlatformManager: Display: Loaded TargetPlatform 'Android_ETC2Client'
[2024.06.17-21.58.12:719][  0]LogTargetPlatformManager: Display: Loaded TargetPlatform 'Android_Multi'
[2024.06.17-21.58.12:719][  0]LogTargetPlatformManager: Display: Loaded TargetPlatform 'Android_MultiClient'
[2024.06.17-21.58.12:737][  0]LogTargetPlatformManager: Display: Loaded TargetPlatform 'IOSClient'
[2024.06.17-21.58.12:737][  0]LogTargetPlatformManager: Display: Loaded TargetPlatform 'IOS'
[2024.06.17-21.58.12:747][  0]LogTargetPlatformManager: Display: Loaded TargetPlatform 'Linux'
[2024.06.17-21.58.12:751][  0]LogTargetPlatformManager: Display: Loaded TargetPlatform 'LinuxNoEditor'
[2024.06.17-21.58.12:756][  0]LogTargetPlatformManager: Display: Loaded TargetPlatform 'LinuxClient'
[2024.06.17-21.58.12:761][  0]LogTargetPlatformManager: Display: Loaded TargetPlatform 'LinuxServer'
[2024.06.17-21.58.12:771][  0]LogTargetPlatformManager: Display: Loaded TargetPlatform 'LinuxAArch64NoEditor'
[2024.06.17-21.58.12:776][  0]LogTargetPlatformManager: Display: Loaded TargetPlatform 'LinuxAArch64Client'
[2024.06.17-21.58.12:781][  0]LogTargetPlatformManager: Display: Loaded TargetPlatform 'LinuxAArch64Server'
[2024.06.17-21.58.12:806][  0]LogTargetPlatformManager: Display: Loaded TargetPlatform 'Lumin'
[2024.06.17-21.58.12:806][  0]LogTargetPlatformManager: Display: Loaded TargetPlatform 'LuminClient'
[2024.06.17-21.58.12:815][  0]LogTargetPlatformManager: Display: Loaded TargetPlatform 'MacNoEditor'
[2024.06.17-21.58.12:820][  0]LogTargetPlatformManager: Display: Loaded TargetPlatform 'Mac'
[2024.06.17-21.58.12:825][  0]LogTargetPlatformManager: Display: Loaded TargetPlatform 'MacClient'
[2024.06.17-21.58.12:828][  0]LogTargetPlatformManager: Display: Loaded TargetPlatform 'MacServer'
[2024.06.17-21.58.12:839][  0]LogTargetPlatformManager: Display: Loaded TargetPlatform 'TVOSClient'
[2024.06.17-21.58.12:840][  0]LogTargetPlatformManager: Display: Loaded TargetPlatform 'TVOS'
[2024.06.17-21.58.12:848][  0]LogTargetPlatformManager: Display: Loaded TargetPlatform 'WindowsNoEditor'
[2024.06.17-21.58.12:853][  0]LogTargetPlatformManager: Display: Loaded TargetPlatform 'Windows'
[2024.06.17-21.58.12:858][  0]LogTargetPlatformManager: Display: Loaded TargetPlatform 'WindowsClient'
[2024.06.17-21.58.12:862][  0]LogTargetPlatformManager: Display: Loaded TargetPlatform 'WindowsServer'
[2024.06.17-21.58.12:862][  0]LogTargetPlatformManager: Display: Building Assets For Windows
[2024.06.17-21.58.12:870][  0]LogAudioDebug: Display: Lib vorbis DLL was dynamically loaded.
[2024.06.17-21.58.12:901][  0]LogTextureFormatOodle: Display: Oodle Texture 2.9.0 init RDO Off
[2024.06.17-21.58.12:934][  0]LogRendererCore: Ray tracing is disabled. Reason: r.RayTracing=0.
[2024.06.17-21.58.12:934][  0]LogShaderCompilers: Guid format shader working directory is 2 characters bigger than the processId version (C:/Users/Алиса/Documents/GitHub/BDZ/BDZ_UE4/Intermediate/Shaders/WorkingDirectory/22956/).
[2024.06.17-21.58.12:934][  0]LogShaderCompilers: Cleaned the shader compiler working directory 'C:/Users/Алиса/AppData/Local/Temp/UnrealShaderWorkingDir/652CE3A9409CEE93E08ED8B96720E76E/'.
[2024.06.17-21.58.12:934][  0]LogXGEController: Cannot use XGE Controller as Incredibuild is not installed on this machine.
[2024.06.17-21.58.12:934][  0]LogShaderCompilers: Cannot use XGE Shader Compiler as Incredibuild is not installed on this machine.
[2024.06.17-21.58.12:935][  0]LogShaderCompilers: Display: Using Local Shader Compiler.
[2024.06.17-21.58.13:715][  0]LogDerivedDataCache: Display: Max Cache Size: 512 MB
[2024.06.17-21.58.13:788][  0]LogDerivedDataCache: Loaded boot cache 0.07s 94MB C:/Users/Алиса/AppData/Local/UnrealEngine/4.27/DerivedDataCache/Boot.ddc.
[2024.06.17-21.58.13:788][  0]LogDerivedDataCache: Display: Loaded Boot cache: C:/Users/Алиса/AppData/Local/UnrealEngine/4.27/DerivedDataCache/Boot.ddc
[2024.06.17-21.58.13:788][  0]LogDerivedDataCache: FDerivedDataBackendGraph:  Pak pak cache file C:/Users/Алиса/Documents/GitHub/BDZ/BDZ_UE4/DerivedDataCache/DDC.ddp not found, will not use a pak cache.
[2024.06.17-21.58.13:788][  0]LogDerivedDataCache: Unable to find inner node Pak for hierarchical cache Hierarchy.
[2024.06.17-21.58.13:788][  0]LogDerivedDataCache: FDerivedDataBackendGraph:  CompressedPak pak cache file C:/Users/Алиса/Documents/GitHub/BDZ/BDZ_UE4/DerivedDataCache/Compressed.ddp not found, will not use a pak cache.
[2024.06.17-21.58.13:788][  0]LogDerivedDataCache: Unable to find inner node CompressedPak for hierarchical cache Hierarchy.
[2024.06.17-21.58.13:806][  0]LogDerivedDataCache: Display: Pak cache opened for reading ../../../Engine/DerivedDataCache/Compressed.ddp.
[2024.06.17-21.58.13:806][  0]LogDerivedDataCache: FDerivedDataBackendGraph:  EnterprisePak pak cache file ../../../Enterprise/DerivedDataCache/Compressed.ddp not found, will not use a pak cache.
[2024.06.17-21.58.13:806][  0]LogDerivedDataCache: Unable to find inner node EnterprisePak for hierarchical cache Hierarchy.
[2024.06.17-21.58.13:817][  0]LogDerivedDataCache: Speed tests for C:/Users/Алиса/AppData/Local/UnrealEngine/Common/DerivedDataCache took 0.01 seconds
[2024.06.17-21.58.13:817][  0]LogDerivedDataCache: Display: Performance to C:/Users/Алиса/AppData/Local/UnrealEngine/Common/DerivedDataCache: Latency=0.04ms. RandomReadSpeed=1089.14MBs, RandomWriteSpeed=95.05MBs. Assigned SpeedClass 'Local'
[2024.06.17-21.58.13:818][  0]LogDerivedDataCache: Using Local data cache path C:/Users/Алиса/AppData/Local/UnrealEngine/Common/DerivedDataCache: Writable
[2024.06.17-21.58.13:818][  0]LogDerivedDataCache: Shared data cache path not found in *engine.ini, will not use an Shared cache.
[2024.06.17-21.58.13:818][  0]LogDerivedDataCache: Unable to find inner node Shared for hierarchical cache Hierarchy.
[2024.06.17-21.58.13:878][  0]LogSlate: Using FreeType 2.10.0
[2024.06.17-21.58.13:878][  0]LogSlate: SlateFontServices - WITH_FREETYPE: 1, WITH_HARFBUZZ: 1
[2024.06.17-21.58.13:914][  0]LogAssetRegistry: FAssetRegistry took 0.0026 seconds to start up
[2024.06.17-21.58.14:109][  0]LogCollisionProfile: Warning: Profile (Trigger) - Custom Channel Name = 'Projectile' hasn't been found
[2024.06.17-21.58.14:240][  0]LogInit: Selected Device Profile: [Windows]
[2024.06.17-21.58.14:240][  0]LogInit: Active device profile: [0000014EAA136900][0000014EAAAEF1C0 49] Windows
[2024.06.17-21.58.14:240][  0]LogInit: Profiles: [0000014EAA136900][0000014EAAAEF1C0 49] Windows, [0000014EAA0F1900][0000014E9F495340 49] WindowsNoEditor, [0000014EAA135900][0000014EA844F4C0 49] WindowsServer, [0000014EAA0F1300][0000014EA8453640 49] WindowsClient, [0000014EAA135200][0000014EA84577C0 49] IOS, [0000014EAA0F3B00][0000014EA845B940 49] iPadAir, [0000014EAA137E00][0000014EA845FAC0 49] iPadAir2, [0000014EA9F3E900][0000014EA8466200 49] IPadPro, [0000014EA9F3EA00][0000014EA8462240 49] iPadAir3, [0000014EAA134100][0000014EA846A3C0 49] iPadAir4, [0000014EA9F3F400][0000014EA846E540 49] iPadMini2, [0000014EAA137400][0000014EA84726C0 49] iPadMini3, [0000014EA9F3F300][0000014EAAAF2800 49] iPadMini4, [0000014EAA135E00][0000014EA8476940 49] iPadMini5, [0000014EAA0E2200][0000014EA847EB80 49] iPhone6, [0000014EAA0E2300][0000014EA847ABC0 49] iPodTouch6, [0000014EA9F3DF00][0000014EA848AE80 49] iPhone7, [0000014EA9F3E000][0000014EA8486EC0 49] iPodTouch7, [0000014EAA0E2C00][0000014EA848F040 49] iPhone5S, [0000014EA9F3CA00][0000014EA84931C0 49] iPhone6Plus, [0000014EAA0E1B00][0000014EA8497340 49] iPhone6S, [0000014EA9F3CB00][0000014EA849B4C0 49] iPhone6SPlus, [0000014EAA0E1600][0000014EA0FA7640 49] iPhone7Plus, [0000014EA9F3C500][0000014EAAB637C0 49] iPhoneSE, [0000014EAA0E2600][0000014EAAB67940 49] iPhone8, [0000014EA9F3E200][0000014EAAB6BAC0 49] iPhone8Plus, [0000014EAA0E3C00][0000014EAAB6E0C0 49] iPhoneX, [0000014EA9F3D100][0000014EAAB72240 49] iPhoneXS, [0000014EAA0E2B00][0000014EAAB763C0 49] iPhoneXSMax, [0000014EA9F3CC00][0000014EAAB9A540 49] iPhoneXR, [0000014EAA0E1C00][0000014EAAB9E6C0 49] iPhone11, [0000014EA9F3EF00][0000014EAABA2840 49] iPhone11Pro, [0000014EAA0E1100][0000014EA8482980 49] iPhone11ProMax, [0000014EA9F3D600][0000014EAABA6AC0 49] iPhoneSE2, [0000014EAA0E3600][0000014EAABAAC00 49] iPhone12Mini, [0000014EA9F3C100][0000014EAABAED40 49] iPhone12, [0000014EAA0E0C00][0000014EAABC6EC0 49] iPhone12Pro, [0000014EA9F3FA00][0000014EAABCF040 49] iPhone12ProMax, [0000014EAA0E0600][0000014EAABD31C0 49] iPadPro105, [0000014EA9F3D400][0000014EAABD7340 49] iPadPro129, [0000014EAA0E0B00][0000014EAABDB4C0 49] iPadPro97, [0000014EA9F3E600][0000014EAABDF640 49] iPadPro2_129, [0000014EAA0E1700][0000014EAABEB7C0 49] iPad5, [0000014EA9F3C600][0000014EA0CAF940 49] iPad6, [0000014EAA0E1F00][0000014EA0CC3AC0 49] iPad7, [0000014EA9F3ED00][0000014EA0CC60C0 49] iPad8, [0000014EAA0E2A00][0000014EA0CCA240 49] iPadPro11, [0000014EA9F3FF00][0000014EA0CCE3C0 49] iPadPro2_11, [0000014EAA0E2000][0000014EA0CD2540 49] iPadPro3_129, [0000014EAA0F2D00][0000014EA0E3C6C0 49] iPadPro4_129, [0000014EAA235200][0000014EA0E40840 49] AppleTV, [0000014EAA0F1E00][0000014EA0E449C0 49] AppleTV4K, [0000014EAA234B00][0000014EA0E48B40 49] TVOS, [0000014EAA0F1700][0000014EAABC2C80 49] Mac, [0000014EAA235000][0000014EA0E4CDC0 49] MacClient, [0000014EAA0F0C00][0000014EA0E50F00 49] MacNoEditor, [0000014EAA235B00][0000014EA0E59080 49] MacServer, [0000014EAA0F2400][0000014EA0E5D200 49] Linux, [0000014EAA235100][0000014EA0E61380 49] LinuxAArch64, [0000014EAA0F0400][0000014EA0E81500 49] LinuxNoEditor, [0000014EAA235700][0000014EA0CE1680 49] LinuxAArch64NoEditor, [0000014EAA0E0A00][0000014EA0CE5800 49] LinuxClient, [0000014EA9F3F900][0000014EA0CE9980 49] LinuxAArch64Client, [0000014EAA0E0400][0000014EA0D05B00 49] LinuxServer, [0000014EA9F3F600][0000014EA0D08100 49] LinuxAArch64Server, [0000014EAA0E2900][0000014EA0D0C280 49] Android, [0000014EA9F3E700][0000014EA0D10400 49] Android_Low, [0000014EAA0E1500][0000014EA0D14580 49] Android_Mid, [0000014EA9F3FB00][0000014EA0DBA700 49] Android_High, [0000014EAA0E2100][0000014EAB0A2880 49] Android_Default, [0000014EA9F3DD00][0000014EAB0BAA00 49] Android_Adreno4xx, [0000014EAA0E1200][0000014EAB0BEB80 49] Android_Adreno5xx_Low, [0000014EA9F3E800][0000014EAB0E6D00 49] Android_Adreno5xx, [0000014EAA0E3200][0000014EA0E54E40 49] Android_Adreno6xx, [0000014EA9F3F500][0000014EAB0EAF80 49] Android_Adreno6xx_Vulkan, [0000014EAA0E1E00][0000014EAB0EF0C0 49] Android_Mali_T6xx, [0000014EA9F3C300][0000014EAB0F7240 49] Android_Mali_T7xx, [0000014EAA0E2E00][0000014EAB1833C0 49] Android_Mali_T8xx, [0000014EA9F3D900][0000014EAB193540 49] Android_Mali_G71, [0000014EAA0E1D00][0000014EAB1976C0 49] Android_Mali_G72, [0000014EA9F3FC00][0000014EAB25F840 49] Android_Mali_G72_Vulkan, [0000014EAA0E2F00][0000014EAB2679C0 49] Android_Mali_G76, [0000014EAA234700][0000014EAB27BB40 49] Android_Mali_G76_Vulkan, [0000014EAA0E0200][0000014EAB2CA140 49] Android_Mali_G77, [0000014EAA234200][0000014EAB3062C0 49] Android_Mali_G77_Vulkan, [0000014EAA0E2500][0000014EAB32A440 49] Android_Mali_G78, [0000014EA9F3DB00][0000014EAB3425C0 49] Android_Mali_G78_Vulkan, [0000014EAA0E0D00][0000014EAB346740 49] Android_Mali_G710, [0000014EA9F3E500][0000014EAB34A8C0 49] Android_Mali_G710_Vulkan, [0000014EAA0E0E00][0000014EAB34EA40 49] Android_Vulkan_SM5, [0000014EA9F3D300][0000014EAB3A2BC0 49] Android_PowerVR_G6xxx, [0000014EAA0E2400][0000014EAB3AAD40 49] Android_PowerVR_GT7xxx, [0000014EA9F3C700][0000014EAB3AEEC0 49] Android_PowerVR_GE8xxx, [0000014EAA0E3F00][0000014EAB0F3000 49] Android_PowerVR_GM9xxx, [0000014EA9F3CF00][0000014EAB3B3140 49] Android_PowerVR_GM9xxx_Vulkan, [0000014EAA0E1000][0000014EAB3B7280 49] Android_TegraK1, [0000014EA9F3EB00][0000014EAB3BB3C0 49] Android_Unknown_Vulkan, [0000014EAA0E1300][0000014EAB3C3540 49] Lumin, [0000014EA9F3C900][0000014EAB3C76C0 49] Lumin_Desktop, [0000014EAA0E0500][0000014EAB3CB840 49] HoloLens, 
[2024.06.17-21.58.14:397][  0]LogMeshReduction: Using QuadricMeshReduction for automatic static mesh reduction
[2024.06.17-21.58.14:397][  0]LogMeshReduction: Using SimplygonMeshReduction for automatic skeletal mesh reduction
[2024.06.17-21.58.14:397][  0]LogMeshReduction: Using ProxyLODMeshReduction for automatic mesh merging
[2024.06.17-21.58.14:397][  0]LogMeshReduction: No distributed automatic mesh merging module available
[2024.06.17-21.58.14:397][  0]LogMeshMerging: No distributed automatic mesh merging module available
[2024.06.17-21.58.14:412][  0]LogNetVersion: BDZ 1.0.0, NetCL: 17155196, EngineNetVer: 17, GameNetVer: 0 (Checksum: 4174281406)
[2024.06.17-21.58.14:836][  0]LogTexture: Default maximum texture size for cubemaps generated from long-lat sources has been changed from 512 to unlimited. In order to preserve old behaiour for '/Engine/MapTemplates/Sky/DaylightAmbientCubemap.DaylightAmbientCubemap', its maximum texture size has been explicitly set to 512.
[2024.06.17-21.58.14:901][  0]LogHMD: PokeAHoleMaterial loaded successfully
[2024.06.17-21.58.14:907][  0]LogUObjectArray: 17178 objects as part of root set at end of initial load.
[2024.06.17-21.58.14:907][  0]LogUObjectAllocator: 4302048 out of 0 bytes used by permanent object pool.
[2024.06.17-21.58.14:907][  0]LogUObjectArray: CloseDisregardForGC: 0/0 objects in disregard for GC pool
[2024.06.17-21.58.15:163][  0]LogNiagaraDebuggerClient: Niagara Debugger Client Initialized | Session: 2BA94A3A468F50B5156F4D9F5EF96034 | Instance: D2458A90454FB4E70E3649A845770951 (ALICE-22956).
[2024.06.17-21.58.15:300][  0]LogUdpMessaging: Initializing bridge on interface 0.0.0.0:0 to multicast group 230.0.0.1:6666.
[2024.06.17-21.58.15:309][  0]LogTcpMessaging: Initializing TcpMessaging bridge
[2024.06.17-21.58.15:317][  0]LogPython: Using Python 3.7.7
[2024.06.17-21.58.15:990][  0]SourceControl: Source control is disabled
[2024.06.17-21.58.15:990][  0]SourceControl: Source control is disabled
[2024.06.17-21.58.15:997][  0]SourceControl: Source control is disabled
[2024.06.17-21.58.16:000][  0]SourceControl: Source control is disabled
[2024.06.17-21.58.16:011][  0]SourceControl: Source control is disabled
[2024.06.17-21.58.16:019][  0]LogUProjectInfo: Found projects:
[2024.06.17-21.58.16:265][  0]LogOpenImageDenoise: OIDN starting up
[2024.06.17-21.58.16:279][  0]LogAndroidPermission: UAndroidPermissionCallbackProxy::GetInstance
[2024.06.17-21.58.16:303][  0]LogAudioCaptureCore: Display: No Audio Capture implementations found. Audio input will be silent.
[2024.06.17-21.58.16:303][  0]LogAudioCaptureCore: Display: No Audio Capture implementations found. Audio input will be silent.
[2024.06.17-21.58.16:437][  0]LogCollectionManager: Loaded 0 collections in 0.000799 seconds
[2024.06.17-21.58.16:459][  0]LogFileCache: Scanning file cache for directory 'C:/Users/Алиса/Documents/GitHub/BDZ/BDZ_UE4/Saved/Collections/' took 0.00s
[2024.06.17-21.58.16:460][  0]LogFileCache: Scanning file cache for directory 'C:/Users/Алиса/Documents/GitHub/BDZ/BDZ_UE4/Content/Developers/Алиса/Collections/' took 0.00s
[2024.06.17-21.58.16:460][  0]LogFileCache: Scanning file cache for directory 'C:/Users/Алиса/Documents/GitHub/BDZ/BDZ_UE4/Content/Collections/' took 0.00s
[2024.06.17-21.58.16:460][  0]LogOcInput: OculusInput pre-init called
[2024.06.17-21.58.16:742][  0]LogEngine: Initializing Engine...
[2024.06.17-21.58.16:744][  0]LogHMD: Failed to enumerate extensions. Please check that you have a valid OpenXR runtime installed.
[2024.06.17-21.58.16:744][  0]LogHMD: Failed to initialize OpenVR with code 110
[2024.06.17-21.58.16:744][  0]LogMagicLeap: Warning: VR disabled because ZI is not enabled.  To enable, in the editor, Edit -> Project Settings -> Plugins -> Magic Leap Plugin -> Enable Zero Iteration
[2024.06.17-21.58.16:745][  0]LogStats: UGameplayTagsManager::InitializeManager -  0.000 s
[2024.06.17-21.58.16:877][  0]LogInit: Initializing FReadOnlyCVARCache
[2024.06.17-21.58.16:886][  0]LogAIModule: Creating AISystem for world Untitled
[2024.06.17-21.58.16:905][  0]LogAudio: Display: Initializing Audio Device Manager...
[2024.06.17-21.58.16:910][  0]LogAudio: Display: Loading Default Audio Settings Objects...
[2024.06.17-21.58.16:910][  0]LogAudio: Display: No default SoundConcurrencyObject specified (or failed to load).
[2024.06.17-21.58.16:911][  0]LogAudio: Display: Audio Device Manager Initialized
[2024.06.17-21.58.16:911][  0]LogAudio: Display: Creating Audio Device:                 Id: 1, Scope: Shared, Realtime: True
[2024.06.17-21.58.16:911][  0]LogAudioMixer: Display: Audio Mixer Platform Settings:
[2024.06.17-21.58.16:911][  0]LogAudioMixer: Display: 	Sample Rate:						  48000
[2024.06.17-21.58.16:911][  0]LogAudioMixer: Display: 	Callback Buffer Frame Size Requested: 1024
[2024.06.17-21.58.16:911][  0]LogAudioMixer: Display: 	Callback Buffer Frame Size To Use:	  1024
[2024.06.17-21.58.16:911][  0]LogAudioMixer: Display: 	Number of buffers to queue:			  2
[2024.06.17-21.58.16:911][  0]LogAudioMixer: Display: 	Max Channels (voices):				  32
[2024.06.17-21.58.16:911][  0]LogAudioMixer: Display: 	Number of Async Source Workers:		  0
[2024.06.17-21.58.16:911][  0]LogAudio: Display: AudioDevice MaxSources: 32
[2024.06.17-21.58.16:911][  0]LogAudio: Display: Audio Spatialization Plugin: None (built-in).
[2024.06.17-21.58.16:911][  0]LogAudio: Display: Audio Reverb Plugin: None (built-in).
[2024.06.17-21.58.16:911][  0]LogAudio: Display: Audio Occlusion Plugin: None (built-in).
[2024.06.17-21.58.16:911][  0]LogAudioMixer: Display: Initializing audio mixer.
[2024.06.17-21.58.16:924][  0]LogAudioMixer: Display: 0: FrontLeft
[2024.06.17-21.58.16:924][  0]LogAudioMixer: Display: 1: FrontRight
[2024.06.17-21.58.17:069][  0]LogAudioMixer: Display: Using Audio Device Динамики (Realtek High Definition Audio)
[2024.06.17-21.58.17:072][  0]LogAudioMixer: Display: Initializing Sound Submixes...
[2024.06.17-21.58.17:074][  0]LogAudioMixer: Display: Creating Master Submix 'MasterSubmixDefault'
[2024.06.17-21.58.17:074][  0]LogAudioMixer: Display: Creating Master Submix 'MasterReverbSubmixDefault'
[2024.06.17-21.58.17:075][  0]LogAudioMixer: Display: Creating Master Submix 'MasterEQSubmixDefault'
[2024.06.17-21.58.17:075][  0]LogAudioMixer: FMixerPlatformXAudio2::StartAudioStream() called
[2024.06.17-21.58.17:075][  0]LogAudioMixer: Display: Output buffers initialized: Frames=1024, Channels=2, Samples=2048
[2024.06.17-21.58.17:076][  0]LogAudioMixer: Display: Starting AudioMixerPlatformInterface::RunInternal()
[2024.06.17-21.58.17:077][  0]LogAudioMixer: Display: FMixerPlatformXAudio2::SubmitBuffer() called for the first time
[2024.06.17-21.58.17:077][  0]LogInit: FAudioDevice initialized.
[2024.06.17-21.58.17:077][  0]LogAudio: Display: Audio Device (ID: 1) registered with world 'Untitled'.
[2024.06.17-21.58.17:077][  0]LogNetVersion: Set ProjectVersion to 1.0.0.0. Version Checksum will be recalculated on next use.
[2024.06.17-21.58.17:179][  0]LogDerivedDataCache: Saved boot cache 0.10s 94MB C:/Users/Алиса/AppData/Local/UnrealEngine/4.27/DerivedDataCache/Boot.ddc.
[2024.06.17-21.58.17:180][  0]LogInit: Texture streaming: Enabled
[2024.06.17-21.58.17:192][  0]LogAnalytics: Display: [UEEditor.Rocket.Release] APIServer = https://datarouter.ol.epicgames.com/. AppVersion = 4.27.2-18319896+++UE4+Release-4.27
[2024.06.17-21.58.17:196][  0]LogEngineSessionManager: EngineSessionManager initialized
[2024.06.17-21.58.17:196][  0]LogEditorSessionSummary: Verbose: Initializing EditorSessionSummaryWriter for editor session tracking
[2024.06.17-21.58.17:205][  0]LogEditorSessionSummary: EditorSessionSummaryWriter initialized
[2024.06.17-21.58.17:235][  0]LogInit: Transaction tracking system initialized
[2024.06.17-21.58.17:256][  0]BlueprintLog: New page: Editor Load
[2024.06.17-21.58.17:317][  0]LocalizationService: Localization service is disabled
[2024.06.17-21.58.17:341][  0]TimingProfiler: Initialize
[2024.06.17-21.58.17:341][  0]TimingProfiler: OnSessionChanged
[2024.06.17-21.58.17:341][  0]LoadingProfiler: Initialize
[2024.06.17-21.58.17:342][  0]LoadingProfiler: OnSessionChanged
[2024.06.17-21.58.17:342][  0]NetworkingProfiler: Initialize
[2024.06.17-21.58.17:342][  0]NetworkingProfiler: OnSessionChanged
[2024.06.17-21.58.17:342][  0]MemoryProfiler: Initialize
[2024.06.17-21.58.17:342][  0]MemoryProfiler: OnSessionChanged
[2024.06.17-21.58.17:501][  0]LogCook: Display: CookSettings for Memory: MemoryMaxUsedVirtual 0MiB, MemoryMaxUsedPhysical 16384MiB, MemoryMinFreeVirtual 0MiB, MemoryMinFreePhysical 1024MiB
[2024.06.17-21.58.17:501][  0]LogCook: Display: Mobile HDR setting 1
[2024.06.17-21.58.17:692][  0]LogFileCache: Scanning file cache for directory 'C:/Users/Алиса/Documents/GitHub/BDZ/BDZ_UE4/Content/' took 0.01s
[2024.06.17-21.58.17:907][  0]LogInit: Display: Engine is initialized. Leaving FEngineLoop::Init()
[2024.06.17-21.58.17:910][  0]SourceControl: Source control is disabled
[2024.06.17-21.58.17:911][  0]LogUnrealEdMisc: Loading editor; pre map load, took 9.376
[2024.06.17-21.58.17:911][  0]Cmd: MAP LOAD FILE="C:/Users/Алиса/Documents/GitHub/BDZ/BDZ_UE4/Content/FirstPersonBP/Maps/FirstPersonExampleMap.umap" TEMPLATE=0 SHOWPROGRESS=1 FEATURELEVEL=3
[2024.06.17-21.58.17:911][  0]LogEditorServer: Warning: Can't find file 'C:/Users/Алиса/Documents/GitHub/BDZ/BDZ_UE4/Content/FirstPersonBP/Maps/FirstPersonExampleMap.umap'
[2024.06.17-21.58.17:911][  0]Cmd: MAP CHECKDEP NOCLEARLOG
[2024.06.17-21.58.17:911][  0]MapCheck: Map check complete: 0 Error(s), 0 Warning(s), took 0,183ms to complete.
[2024.06.17-21.58.17:911][  0]LogFileHelpers: Loading map 'FirstPersonExampleMap' took 0.001
[2024.06.17-21.58.17:913][  0]LogUnrealEdMisc: Total Editor Startup Time, took 9.378
[2024.06.17-21.58.18:053][  0]LogSlate: Updating window title bar state: overlay mode, drag disabled, window buttons hidden, title bar hidden
[2024.06.17-21.58.18:061][  0]LogSlate: Updating window title bar state: overlay mode, drag disabled, window buttons hidden, title bar hidden
[2024.06.17-21.58.18:068][  0]LogSlate: Updating window title bar state: overlay mode, drag disabled, window buttons hidden, title bar hidden
[2024.06.17-21.58.18:076][  0]LogSlate: Updating window title bar state: overlay mode, drag disabled, window buttons hidden, title bar hidden
[2024.06.17-21.58.18:093][  0]LogNativeClassHierarchy: Verbose: Native class hierarchy populated in 0.0116 seconds. Added 3822 classes and 928 folders.
[2024.06.17-21.58.18:095][  0]LogNativeClassHierarchy: Verbose: Native class hierarchy updated for 'WidgetCarousel' in 0.0003 seconds. Added 0 classes and 0 folders.
[2024.06.17-21.58.18:096][  0]LogPakFile: PakFile PrimaryIndexSize=187
[2024.06.17-21.58.18:096][  0]LogPakFile: PakFile PathHashIndexSize=101
[2024.06.17-21.58.18:096][  0]LogPakFile: PakFile FullDirectoryIndexSize=148
[2024.06.17-21.58.18:096][  0]LogShaderLibrary: Display: ShaderCodeLibraryPakFileMountedCallback: PakFile 'D:/UE_4.27/FeaturePacks/FP_FirstPerson.upack' (chunk index -1, root 'root:/') mounted
[2024.06.17-21.58.18:096][  0]LogShaderLibrary: Display: ShaderCodeLibraryPakFileMountedCallback: pending pak file info (ChunkID:-1 Root:root:/ File:D:/UE_4.27/FeaturePacks/FP_FirstPerson.upack)
[2024.06.17-21.58.18:096][  0]LogPakFile: OnPakFileMounted2Time == 0.000060
[2024.06.17-21.58.18:097][  0]LogPakFile: PakFile PrimaryIndexSize=189
[2024.06.17-21.58.18:097][  0]LogPakFile: PakFile PathHashIndexSize=101
[2024.06.17-21.58.18:097][  0]LogPakFile: PakFile FullDirectoryIndexSize=152
[2024.06.17-21.58.18:097][  0]LogShaderLibrary: Display: ShaderCodeLibraryPakFileMountedCallback: PakFile 'D:/UE_4.27/FeaturePacks/FP_FirstPersonBP.upack' (chunk index -1, root 'root:/') mounted
[2024.06.17-21.58.18:097][  0]LogShaderLibrary: Display: ShaderCodeLibraryPakFileMountedCallback: pending pak file info (ChunkID:-1 Root:root:/ File:D:/UE_4.27/FeaturePacks/FP_FirstPersonBP.upack)
[2024.06.17-21.58.18:097][  0]LogPakFile: OnPakFileMounted2Time == 0.000046
[2024.06.17-21.58.18:097][  0]LogPakFile: PakFile PrimaryIndexSize=191
[2024.06.17-21.58.18:097][  0]LogPakFile: PakFile PathHashIndexSize=101
[2024.06.17-21.58.18:097][  0]LogPakFile: PakFile FullDirectoryIndexSize=160
[2024.06.17-21.58.18:097][  0]LogShaderLibrary: Display: ShaderCodeLibraryPakFileMountedCallback: PakFile 'D:/UE_4.27/FeaturePacks/MobileStarterContent.upack' (chunk index -1, root 'root:/') mounted
[2024.06.17-21.58.18:097][  0]LogShaderLibrary: Display: ShaderCodeLibraryPakFileMountedCallback: pending pak file info (ChunkID:-1 Root:root:/ File:D:/UE_4.27/FeaturePacks/MobileStarterContent.upack)
[2024.06.17-21.58.18:097][  0]LogPakFile: OnPakFileMounted2Time == 0.000035
[2024.06.17-21.58.18:098][  0]LogPakFile: PakFile PrimaryIndexSize=185
[2024.06.17-21.58.18:098][  0]LogPakFile: PakFile PathHashIndexSize=101
[2024.06.17-21.58.18:098][  0]LogPakFile: PakFile FullDirectoryIndexSize=148
[2024.06.17-21.58.18:098][  0]LogShaderLibrary: Display: ShaderCodeLibraryPakFileMountedCallback: PakFile 'D:/UE_4.27/FeaturePacks/StarterContent.upack' (chunk index -1, root 'root:/') mounted
[2024.06.17-21.58.18:098][  0]LogShaderLibrary: Display: ShaderCodeLibraryPakFileMountedCallback: pending pak file info (ChunkID:-1 Root:root:/ File:D:/UE_4.27/FeaturePacks/StarterContent.upack)
[2024.06.17-21.58.18:098][  0]LogPakFile: OnPakFileMounted2Time == 0.000036
[2024.06.17-21.58.18:098][  0]LogPakFile: PakFile PrimaryIndexSize=190
[2024.06.17-21.58.18:098][  0]LogPakFile: PakFile PathHashIndexSize=101
[2024.06.17-21.58.18:098][  0]LogPakFile: PakFile FullDirectoryIndexSize=154
[2024.06.17-21.58.18:098][  0]LogShaderLibrary: Display: ShaderCodeLibraryPakFileMountedCallback: PakFile 'D:/UE_4.27/FeaturePacks/TP_2DSideScroller.upack' (chunk index -1, root 'root:/') mounted
[2024.06.17-21.58.18:098][  0]LogShaderLibrary: Display: ShaderCodeLibraryPakFileMountedCallback: pending pak file info (ChunkID:-1 Root:root:/ File:D:/UE_4.27/FeaturePacks/TP_2DSideScroller.upack)
[2024.06.17-21.58.18:098][  0]LogPakFile: OnPakFileMounted2Time == 0.000035
[2024.06.17-21.58.18:099][  0]LogPakFile: PakFile PrimaryIndexSize=192
[2024.06.17-21.58.18:099][  0]LogPakFile: PakFile PathHashIndexSize=101
[2024.06.17-21.58.18:099][  0]LogPakFile: PakFile FullDirectoryIndexSize=158
[2024.06.17-21.58.18:099][  0]LogShaderLibrary: Display: ShaderCodeLibraryPakFileMountedCallback: PakFile 'D:/UE_4.27/FeaturePacks/TP_2DSideScrollerBP.upack' (chunk index -1, root 'root:/') mounted
[2024.06.17-21.58.18:099][  0]LogShaderLibrary: Display: ShaderCodeLibraryPakFileMountedCallback: pending pak file info (ChunkID:-1 Root:root:/ File:D:/UE_4.27/FeaturePacks/TP_2DSideScrollerBP.upack)
[2024.06.17-21.58.18:099][  0]LogPakFile: OnPakFileMounted2Time == 0.000040
[2024.06.17-21.58.18:100][  0]LogPakFile: PakFile PrimaryIndexSize=182
[2024.06.17-21.58.18:100][  0]LogPakFile: PakFile PathHashIndexSize=101
[2024.06.17-21.58.18:100][  0]LogPakFile: PakFile FullDirectoryIndexSize=138
[2024.06.17-21.58.18:100][  0]LogShaderLibrary: Display: ShaderCodeLibraryPakFileMountedCallback: PakFile 'D:/UE_4.27/FeaturePacks/TP_Flying.upack' (chunk index -1, root 'root:/') mounted
[2024.06.17-21.58.18:100][  0]LogShaderLibrary: Display: ShaderCodeLibraryPakFileMountedCallback: pending pak file info (ChunkID:-1 Root:root:/ File:D:/UE_4.27/FeaturePacks/TP_Flying.upack)
[2024.06.17-21.58.18:100][  0]LogPakFile: OnPakFileMounted2Time == 0.000121
[2024.06.17-21.58.18:101][  0]LogPakFile: PakFile PrimaryIndexSize=184
[2024.06.17-21.58.18:101][  0]LogPakFile: PakFile PathHashIndexSize=101
[2024.06.17-21.58.18:101][  0]LogPakFile: PakFile FullDirectoryIndexSize=142
[2024.06.17-21.58.18:101][  0]LogShaderLibrary: Display: ShaderCodeLibraryPakFileMountedCallback: PakFile 'D:/UE_4.27/FeaturePacks/TP_FlyingBP.upack' (chunk index -1, root 'root:/') mounted
[2024.06.17-21.58.18:101][  0]LogShaderLibrary: Display: ShaderCodeLibraryPakFileMountedCallback: pending pak file info (ChunkID:-1 Root:root:/ File:D:/UE_4.27/FeaturePacks/TP_FlyingBP.upack)
[2024.06.17-21.58.18:101][  0]LogPakFile: OnPakFileMounted2Time == 0.000108
[2024.06.17-21.58.18:102][  0]LogPakFile: PakFile PrimaryIndexSize=188
[2024.06.17-21.58.18:102][  0]LogPakFile: PakFile PathHashIndexSize=101
[2024.06.17-21.58.18:102][  0]LogPakFile: PakFile FullDirectoryIndexSize=150
[2024.06.17-21.58.18:102][  0]LogShaderLibrary: Display: ShaderCodeLibraryPakFileMountedCallback: PakFile 'D:/UE_4.27/FeaturePacks/TP_HandheldARBP.upack' (chunk index -1, root 'root:/') mounted
[2024.06.17-21.58.18:102][  0]LogShaderLibrary: Display: ShaderCodeLibraryPakFileMountedCallback: pending pak file info (ChunkID:-1 Root:root:/ File:D:/UE_4.27/FeaturePacks/TP_HandheldARBP.upack)
[2024.06.17-21.58.18:102][  0]LogPakFile: OnPakFileMounted2Time == 0.000059
[2024.06.17-21.58.18:104][  0]LogPakFile: PakFile PrimaryIndexSize=182
[2024.06.17-21.58.18:104][  0]LogPakFile: PakFile PathHashIndexSize=101
[2024.06.17-21.58.18:104][  0]LogPakFile: PakFile FullDirectoryIndexSize=138
[2024.06.17-21.58.18:104][  0]LogShaderLibrary: Display: ShaderCodeLibraryPakFileMountedCallback: PakFile 'D:/UE_4.27/FeaturePacks/TP_Puzzle.upack' (chunk index -1, root 'root:/') mounted
[2024.06.17-21.58.18:104][  0]LogShaderLibrary: Display: ShaderCodeLibraryPakFileMountedCallback: pending pak file info (ChunkID:-1 Root:root:/ File:D:/UE_4.27/FeaturePacks/TP_Puzzle.upack)
[2024.06.17-21.58.18:104][  0]LogPakFile: OnPakFileMounted2Time == 0.000039
[2024.06.17-21.58.18:104][  0]LogPakFile: PakFile PrimaryIndexSize=184
[2024.06.17-21.58.18:104][  0]LogPakFile: PakFile PathHashIndexSize=101
[2024.06.17-21.58.18:104][  0]LogPakFile: PakFile FullDirectoryIndexSize=142
[2024.06.17-21.58.18:104][  0]LogShaderLibrary: Display: ShaderCodeLibraryPakFileMountedCallback: PakFile 'D:/UE_4.27/FeaturePacks/TP_PuzzleBP.upack' (chunk index -1, root 'root:/') mounted
[2024.06.17-21.58.18:104][  0]LogShaderLibrary: Display: ShaderCodeLibraryPakFileMountedCallback: pending pak file info (ChunkID:-1 Root:root:/ File:D:/UE_4.27/FeaturePacks/TP_PuzzleBP.upack)
[2024.06.17-21.58.18:104][  0]LogPakFile: OnPakFileMounted2Time == 0.000034
[2024.06.17-21.58.18:105][  0]LogPakFile: PakFile PrimaryIndexSize=183
[2024.06.17-21.58.18:105][  0]LogPakFile: PakFile PathHashIndexSize=101
[2024.06.17-21.58.18:105][  0]LogPakFile: PakFile FullDirectoryIndexSize=140
[2024.06.17-21.58.18:105][  0]LogShaderLibrary: Display: ShaderCodeLibraryPakFileMountedCallback: PakFile 'D:/UE_4.27/FeaturePacks/TP_Rolling.upack' (chunk index -1, root 'root:/') mounted
[2024.06.17-21.58.18:105][  0]LogShaderLibrary: Display: ShaderCodeLibraryPakFileMountedCallback: pending pak file info (ChunkID:-1 Root:root:/ File:D:/UE_4.27/FeaturePacks/TP_Rolling.upack)
[2024.06.17-21.58.18:105][  0]LogPakFile: OnPakFileMounted2Time == 0.000034
[2024.06.17-21.58.18:105][  0]LogPakFile: PakFile PrimaryIndexSize=185
[2024.06.17-21.58.18:105][  0]LogPakFile: PakFile PathHashIndexSize=101
[2024.06.17-21.58.18:105][  0]LogPakFile: PakFile FullDirectoryIndexSize=144
[2024.06.17-21.58.18:105][  0]LogShaderLibrary: Display: ShaderCodeLibraryPakFileMountedCallback: PakFile 'D:/UE_4.27/FeaturePacks/TP_RollingBP.upack' (chunk index -1, root 'root:/') mounted
[2024.06.17-21.58.18:105][  0]LogShaderLibrary: Display: ShaderCodeLibraryPakFileMountedCallback: pending pak file info (ChunkID:-1 Root:root:/ File:D:/UE_4.27/FeaturePacks/TP_RollingBP.upack)
[2024.06.17-21.58.18:105][  0]LogPakFile: OnPakFileMounted2Time == 0.000040
[2024.06.17-21.58.18:106][  0]LogPakFile: PakFile PrimaryIndexSize=188
[2024.06.17-21.58.18:106][  0]LogPakFile: PakFile PathHashIndexSize=101
[2024.06.17-21.58.18:106][  0]LogPakFile: PakFile FullDirectoryIndexSize=150
[2024.06.17-21.58.18:106][  0]LogShaderLibrary: Display: ShaderCodeLibraryPakFileMountedCallback: PakFile 'D:/UE_4.27/FeaturePacks/TP_SideScroller.upack' (chunk index -1, root 'root:/') mounted
[2024.06.17-21.58.18:106][  0]LogShaderLibrary: Display: ShaderCodeLibraryPakFileMountedCallback: pending pak file info (ChunkID:-1 Root:root:/ File:D:/UE_4.27/FeaturePacks/TP_SideScroller.upack)
[2024.06.17-21.58.18:106][  0]LogPakFile: OnPakFileMounted2Time == 0.000034
[2024.06.17-21.58.18:107][  0]LogPakFile: PakFile PrimaryIndexSize=190
[2024.06.17-21.58.18:107][  0]LogPakFile: PakFile PathHashIndexSize=101
[2024.06.17-21.58.18:107][  0]LogPakFile: PakFile FullDirectoryIndexSize=154
[2024.06.17-21.58.18:107][  0]LogShaderLibrary: Display: ShaderCodeLibraryPakFileMountedCallback: PakFile 'D:/UE_4.27/FeaturePacks/TP_SideScrollerBP.upack' (chunk index -1, root 'root:/') mounted
[2024.06.17-21.58.18:107][  0]LogShaderLibrary: Display: ShaderCodeLibraryPakFileMountedCallback: pending pak file info (ChunkID:-1 Root:root:/ File:D:/UE_4.27/FeaturePacks/TP_SideScrollerBP.upack)
[2024.06.17-21.58.18:107][  0]LogPakFile: OnPakFileMounted2Time == 0.000042
[2024.06.17-21.58.18:107][  0]LogPakFile: PakFile PrimaryIndexSize=187
[2024.06.17-21.58.18:107][  0]LogPakFile: PakFile PathHashIndexSize=101
[2024.06.17-21.58.18:107][  0]LogPakFile: PakFile FullDirectoryIndexSize=148
[2024.06.17-21.58.18:107][  0]LogShaderLibrary: Display: ShaderCodeLibraryPakFileMountedCallback: PakFile 'D:/UE_4.27/FeaturePacks/TP_ThirdPerson.upack' (chunk index -1, root 'root:/') mounted
[2024.06.17-21.58.18:107][  0]LogShaderLibrary: Display: ShaderCodeLibraryPakFileMountedCallback: pending pak file info (ChunkID:-1 Root:root:/ File:D:/UE_4.27/FeaturePacks/TP_ThirdPerson.upack)
[2024.06.17-21.58.18:107][  0]LogPakFile: OnPakFileMounted2Time == 0.000040
[2024.06.17-21.58.18:108][  0]LogPakFile: PakFile PrimaryIndexSize=189
[2024.06.17-21.58.18:108][  0]LogPakFile: PakFile PathHashIndexSize=101
[2024.06.17-21.58.18:108][  0]LogPakFile: PakFile FullDirectoryIndexSize=152
[2024.06.17-21.58.18:108][  0]LogShaderLibrary: Display: ShaderCodeLibraryPakFileMountedCallback: PakFile 'D:/UE_4.27/FeaturePacks/TP_ThirdPersonBP.upack' (chunk index -1, root 'root:/') mounted
[2024.06.17-21.58.18:108][  0]LogShaderLibrary: Display: ShaderCodeLibraryPakFileMountedCallback: pending pak file info (ChunkID:-1 Root:root:/ File:D:/UE_4.27/FeaturePacks/TP_ThirdPersonBP.upack)
[2024.06.17-21.58.18:108][  0]LogPakFile: OnPakFileMounted2Time == 0.000035
[2024.06.17-21.58.18:108][  0]LogPakFile: PakFile PrimaryIndexSize=183
[2024.06.17-21.58.18:108][  0]LogPakFile: PakFile PathHashIndexSize=101
[2024.06.17-21.58.18:108][  0]LogPakFile: PakFile FullDirectoryIndexSize=140
[2024.06.17-21.58.18:108][  0]LogShaderLibrary: Display: ShaderCodeLibraryPakFileMountedCallback: PakFile 'D:/UE_4.27/FeaturePacks/TP_TopDown.upack' (chunk index -1, root 'root:/') mounted
[2024.06.17-21.58.18:108][  0]LogShaderLibrary: Display: ShaderCodeLibraryPakFileMountedCallback: pending pak file info (ChunkID:-1 Root:root:/ File:D:/UE_4.27/FeaturePacks/TP_TopDown.upack)
[2024.06.17-21.58.18:108][  0]LogPakFile: OnPakFileMounted2Time == 0.000041
[2024.06.17-21.58.18:109][  0]LogPakFile: PakFile PrimaryIndexSize=185
[2024.06.17-21.58.18:109][  0]LogPakFile: PakFile PathHashIndexSize=101
[2024.06.17-21.58.18:109][  0]LogPakFile: PakFile FullDirectoryIndexSize=144
[2024.06.17-21.58.18:109][  0]LogShaderLibrary: Display: ShaderCodeLibraryPakFileMountedCallback: PakFile 'D:/UE_4.27/FeaturePacks/TP_TopDownBP.upack' (chunk index -1, root 'root:/') mounted
[2024.06.17-21.58.18:109][  0]LogShaderLibrary: Display: ShaderCodeLibraryPakFileMountedCallback: pending pak file info (ChunkID:-1 Root:root:/ File:D:/UE_4.27/FeaturePacks/TP_TopDownBP.upack)
[2024.06.17-21.58.18:109][  0]LogPakFile: OnPakFileMounted2Time == 0.000037
[2024.06.17-21.58.18:109][  0]LogPakFile: PakFile PrimaryIndexSize=185
[2024.06.17-21.58.18:109][  0]LogPakFile: PakFile PathHashIndexSize=101
[2024.06.17-21.58.18:110][  0]LogPakFile: PakFile FullDirectoryIndexSize=144
[2024.06.17-21.58.18:110][  0]LogShaderLibrary: Display: ShaderCodeLibraryPakFileMountedCallback: PakFile 'D:/UE_4.27/FeaturePacks/TP_TwinStick.upack' (chunk index -1, root 'root:/') mounted
[2024.06.17-21.58.18:110][  0]LogShaderLibrary: Display: ShaderCodeLibraryPakFileMountedCallback: pending pak file info (ChunkID:-1 Root:root:/ File:D:/UE_4.27/FeaturePacks/TP_TwinStick.upack)
[2024.06.17-21.58.18:110][  0]LogPakFile: OnPakFileMounted2Time == 0.000035
[2024.06.17-21.58.18:110][  0]LogPakFile: PakFile PrimaryIndexSize=187
[2024.06.17-21.58.18:110][  0]LogPakFile: PakFile PathHashIndexSize=101
[2024.06.17-21.58.18:110][  0]LogPakFile: PakFile FullDirectoryIndexSize=148
[2024.06.17-21.58.18:110][  0]LogShaderLibrary: Display: ShaderCodeLibraryPakFileMountedCallback: PakFile 'D:/UE_4.27/FeaturePacks/TP_TwinStickBP.upack' (chunk index -1, root 'root:/') mounted
[2024.06.17-21.58.18:110][  0]LogShaderLibrary: Display: ShaderCodeLibraryPakFileMountedCallback: pending pak file info (ChunkID:-1 Root:root:/ File:D:/UE_4.27/FeaturePacks/TP_TwinStickBP.upack)
[2024.06.17-21.58.18:110][  0]LogPakFile: OnPakFileMounted2Time == 0.000038
[2024.06.17-21.58.18:111][  0]LogPakFile: PakFile PrimaryIndexSize=183
[2024.06.17-21.58.18:111][  0]LogPakFile: PakFile PathHashIndexSize=101
[2024.06.17-21.58.18:111][  0]LogPakFile: PakFile FullDirectoryIndexSize=140
[2024.06.17-21.58.18:111][  0]LogShaderLibrary: Display: ShaderCodeLibraryPakFileMountedCallback: PakFile 'D:/UE_4.27/FeaturePacks/TP_Vehicle.upack' (chunk index -1, root 'root:/') mounted
[2024.06.17-21.58.18:111][  0]LogShaderLibrary: Display: ShaderCodeLibraryPakFileMountedCallback: pending pak file info (ChunkID:-1 Root:root:/ File:D:/UE_4.27/FeaturePacks/TP_Vehicle.upack)
[2024.06.17-21.58.18:111][  0]LogPakFile: OnPakFileMounted2Time == 0.000034
[2024.06.17-21.58.18:111][  0]LogPakFile: PakFile PrimaryIndexSize=186
[2024.06.17-21.58.18:111][  0]LogPakFile: PakFile PathHashIndexSize=101
[2024.06.17-21.58.18:111][  0]LogPakFile: PakFile FullDirectoryIndexSize=146
[2024.06.17-21.58.18:111][  0]LogShaderLibrary: Display: ShaderCodeLibraryPakFileMountedCallback: PakFile 'D:/UE_4.27/FeaturePacks/TP_VehicleAdv.upack' (chunk index -1, root 'root:/') mounted
[2024.06.17-21.58.18:111][  0]LogShaderLibrary: Display: ShaderCodeLibraryPakFileMountedCallback: pending pak file info (ChunkID:-1 Root:root:/ File:D:/UE_4.27/FeaturePacks/TP_VehicleAdv.upack)
[2024.06.17-21.58.18:111][  0]LogPakFile: OnPakFileMounted2Time == 0.000038
[2024.06.17-21.58.18:112][  0]LogPakFile: PakFile PrimaryIndexSize=188
[2024.06.17-21.58.18:112][  0]LogPakFile: PakFile PathHashIndexSize=101
[2024.06.17-21.58.18:112][  0]LogPakFile: PakFile FullDirectoryIndexSize=150
[2024.06.17-21.58.18:112][  0]LogShaderLibrary: Display: ShaderCodeLibraryPakFileMountedCallback: PakFile 'D:/UE_4.27/FeaturePacks/TP_VehicleAdvBP.upack' (chunk index -1, root 'root:/') mounted
[2024.06.17-21.58.18:112][  0]LogShaderLibrary: Display: ShaderCodeLibraryPakFileMountedCallback: pending pak file info (ChunkID:-1 Root:root:/ File:D:/UE_4.27/FeaturePacks/TP_VehicleAdvBP.upack)
[2024.06.17-21.58.18:112][  0]LogPakFile: OnPakFileMounted2Time == 0.000040
[2024.06.17-21.58.18:112][  0]LogPakFile: PakFile PrimaryIndexSize=185
[2024.06.17-21.58.18:112][  0]LogPakFile: PakFile PathHashIndexSize=101
[2024.06.17-21.58.18:112][  0]LogPakFile: PakFile FullDirectoryIndexSize=144
[2024.06.17-21.58.18:112][  0]LogShaderLibrary: Display: ShaderCodeLibraryPakFileMountedCallback: PakFile 'D:/UE_4.27/FeaturePacks/TP_VehicleBP.upack' (chunk index -1, root 'root:/') mounted
[2024.06.17-21.58.18:112][  0]LogShaderLibrary: Display: ShaderCodeLibraryPakFileMountedCallback: pending pak file info (ChunkID:-1 Root:root:/ File:D:/UE_4.27/FeaturePacks/TP_VehicleBP.upack)
[2024.06.17-21.58.18:113][  0]LogPakFile: OnPakFileMounted2Time == 0.000035
[2024.06.17-21.58.18:113][  0]LogPakFile: PakFile PrimaryIndexSize=192
[2024.06.17-21.58.18:113][  0]LogPakFile: PakFile PathHashIndexSize=101
[2024.06.17-21.58.18:113][  0]LogPakFile: PakFile FullDirectoryIndexSize=158
[2024.06.17-21.58.18:113][  0]LogShaderLibrary: Display: ShaderCodeLibraryPakFileMountedCallback: PakFile 'D:/UE_4.27/FeaturePacks/TP_VirtualRealityBP.upack' (chunk index -1, root 'root:/') mounted
[2024.06.17-21.58.18:113][  0]LogShaderLibrary: Display: ShaderCodeLibraryPakFileMountedCallback: pending pak file info (ChunkID:-1 Root:root:/ File:D:/UE_4.27/FeaturePacks/TP_VirtualRealityBP.upack)
[2024.06.17-21.58.18:113][  0]LogPakFile: OnPakFileMounted2Time == 0.000042
[2024.06.17-21.58.18:157][  0]LogNativeClassHierarchy: Verbose: Native class hierarchy updated for 'AddContentDialog' in 0.0003 seconds. Added 0 classes and 0 folders.
[2024.06.17-21.58.18:158][  0]LogNativeClassHierarchy: Verbose: Native class hierarchy updated for 'SceneOutliner' in 0.0003 seconds. Added 2 classes and 0 folders.
[2024.06.17-21.58.18:251][  0]LogSlate: Took 0.000214 seconds to synchronously load lazily loaded font '../../../Engine/Content/Slate/Fonts/Roboto-Regular.ttf' (155K)
[2024.06.17-21.58.18:251][  0]LogSlate: Took 0.000145 seconds to synchronously load lazily loaded font '../../../Engine/Content/Editor/Slate/Fonts/FontAwesome.ttf' (139K)
[2024.06.17-21.58.18:254][  0]LogSlate: Took 0.000361 seconds to synchronously load lazily loaded font '../../../Engine/Content/Slate/Fonts/Roboto-Bold.ttf' (160K)
[2024.06.17-21.58.18:358][  0]LogRenderer: Reallocating scene render targets to support 932x376 Format 10 NumSamples 1 (Frame:1).
[2024.06.17-21.58.18:483][  0]LogNativeClassHierarchy: Verbose: Native class hierarchy updated for 'HierarchicalLODOutliner' in 0.0003 seconds. Added 0 classes and 0 folders.
[2024.06.17-21.58.18:483][  0]LogLoad: (Engine Initialization) Total time: 9.95 seconds
[2024.06.17-21.58.18:483][  0]LogLoad: (Engine Initialization) Total Blueprint compile time: 0.00 seconds
[2024.06.17-21.58.18:544][  0]LogAssetRegistry: Asset discovery search completed in 4.6303 seconds
[2024.06.17-21.58.18:550][  0]LogCollectionManager: Fixed up redirectors for 0 collections in 0.000007 seconds (updated 0 objects)
[2024.06.17-21.58.18:550][  0]LogContentStreaming: Texture pool size now 1000 MB
[2024.06.17-21.58.18:627][  3]LogSlate: Took 0.000104 seconds to synchronously load lazily loaded font '../../../Engine/Content/Slate/Fonts/Roboto-Light.ttf' (167K)
[2024.06.17-21.58.36:883][ 71]LogUObjectHash: Compacting FUObjectHashTables data took   2.26ms
[2024.06.17-21.58.36:891][ 71]LogSlate: Took 0.000141 seconds to synchronously load lazily loaded font '../../../Engine/Content/Slate/Fonts/Roboto-Light.ttf' (167K)
[2024.06.17-21.58.37:666][ 71]LogAssetEditorSubsystem: Opening Asset editor for World /Game/FirstPersonBP/Maps/L_Main_level.L_Main_level
[2024.06.17-21.58.37:666][ 71]Cmd: MAP LOAD FILE="C:/Users/Алиса/Documents/GitHub/BDZ/BDZ_UE4/Content/FirstPersonBP/Maps/L_Main_level.umap" TEMPLATE=0 SHOWPROGRESS=1 FEATURELEVEL=3
[2024.06.17-21.58.37:666][ 71]LightingResults: New page: Lighting Build
[2024.06.17-21.58.37:667][ 71]LogNativeClassHierarchy: Verbose: Native class hierarchy updated for 'StatsViewer' in 0.0003 seconds. Added 6 classes and 0 folders.
[2024.06.17-21.58.37:667][ 71]LoadErrors: New page: Loading map: L_Main_level.umap
[2024.06.17-21.58.37:668][ 71]LogWorld: UWorld::CleanupWorld for Untitled, bSessionEnded=true, bCleanupResources=true
[2024.06.17-21.58.37:668][ 71]LogSlate: InvalidateAllWidgets triggered.  All widgets were invalidated
[2024.06.17-21.58.37:668][ 71]MapCheck: New page: Map Check
[2024.06.17-21.58.37:668][ 71]LightingResults: New page: Lighting Build
[2024.06.17-21.58.37:675][ 71]LogAudio: Display: Audio Device unregistered from world 'None'.
[2024.06.17-21.58.37:682][ 71]LogUObjectHash: Compacting FUObjectHashTables data took   1.16ms
[2024.06.17-21.58.37:684][ 71]LogAudio: Display: Audio Device (ID: 1) registered with world 'L_Main_level'.
[2024.06.17-21.58.37:810][ 71]LogEditorServer: Finished looking for orphan Actors (0.000 secs)
[2024.06.17-21.58.37:810][ 71]LogAIModule: Creating AISystem for world L_Main_level
[2024.06.17-21.58.37:822][ 71]LogUObjectHash: Compacting FUObjectHashTables data took   0.88ms
[2024.06.17-21.58.37:835][ 71]Cmd: MAP CHECKDEP NOCLEARLOG
[2024.06.17-21.58.37:836][ 71]MapCheck: Map check complete: 0 Error(s), 0 Warning(s), took 0,156ms to complete.
[2024.06.17-21.58.37:836][ 71]LogFileHelpers: Loading map 'L_Main_level' took 0.169
[2024.06.17-21.59.00:885][385]LogContentBrowser: Deferred new asset file creation: NewWidgetBlueprint
[2024.06.17-21.59.00:902][385]LogContentBrowser: Creating deferred item: NewWidgetBlueprint
[2024.06.17-21.59.12:011][ 50]LogContentBrowser: Attempting asset rename: NewWidgetBlueprint -> W_StartInfo
[2024.06.17-21.59.12:045][ 50]LogContentBrowser: End creating deferred item NewWidgetBlueprint
[2024.06.17-21.59.14:911][211]LogAssetEditorSubsystem: Opening Asset editor for WidgetBlueprint /Game/BDZ_Content/Widgets/W_StartInfo.W_StartInfo
[2024.06.17-21.59.15:169][211]LogNativeClassHierarchy: Verbose: Native class hierarchy updated for 'BlueprintGraph' in 0.0011 seconds. Added 126 classes and 0 folders.
[2024.06.17-21.59.17:054][211]LogSlate: Took 0.000155 seconds to synchronously load lazily loaded font '../../../Engine/Content/Slate/Fonts/Roboto-BoldCondensed.ttf' (158K)
[2024.06.17-22.01.01:678][299]LogSlate: Window 'Color Picker' being destroyed
[2024.06.17-22.01.50:642][673]LogWindowsTextInputMethodSystem: Display: IME system deactivated.
[2024.06.17-22.01.50:642][673]LogWindowsTextInputMethodSystem: Display: IME system deactivated.
[2024.06.17-22.07.16:514][627]LogWindowsTextInputMethodSystem: Display: IME system deactivated.
[2024.06.17-22.07.16:514][627]LogWindowsTextInputMethodSystem: Display: IME system deactivated.
[2024.06.17-22.07.22:598][938]LogWindowsTextInputMethodSystem: Display: IME system deactivated.
[2024.06.17-22.07.22:598][938]LogWindowsTextInputMethodSystem: Display: IME system deactivated.
[2024.06.17-22.07.56:058][626]BlueprintLog: New page: Compile W_StartInfo
[2024.06.17-22.07.56:269][626]LogUObjectHash: Compacting FUObjectHashTables data took   4.69ms
[2024.06.17-22.07.56:417][626]LogSlate: Took 0.012471 seconds to synchronously load lazily loaded font '../../../Engine/Content/Slate/Fonts/DroidSansMono.ttf' (77K)
[2024.06.17-22.07.57:063][652]Cmd: OBJ SAVEPACKAGE PACKAGE="/Game/BDZ_Content/Widgets/W_StartInfo" FILE="C:/Users/Алиса/Documents/GitHub/BDZ/BDZ_UE4/Content/BDZ_Content/Widgets/W_StartInfo.uasset" SILENT=true
[2024.06.17-22.07.57:268][652]LogSavePackage: Moving 'C:/Users/Алиса/Documents/GitHub/BDZ/BDZ_UE4/Saved/W_StartInfo1EDF209D4F50D9B7A8D719B2630C6AB7.tmp' to 'C:/Users/Алиса/Documents/GitHub/BDZ/BDZ_UE4/Content/BDZ_Content/Widgets/W_StartInfo.uasset'
[2024.06.17-22.07.57:330][652]AssetCheck: New page: Asset Save: W_StartInfo
[2024.06.17-22.07.57:341][652]LogContentValidation: Display: Validating WidgetBlueprint /Game/BDZ_Content/Widgets/W_StartInfo.W_StartInfo
[2024.06.17-22.12.41:476][749]LogSlate: Window 'W_StartInfo' being destroyed
[2024.06.17-22.12.49:720][230]LogAssetEditorSubsystem: Opening Asset editor for WidgetBlueprint /Game/BDZ_Content/Widgets/W_PrinterMenu.W_PrinterMenu
[2024.06.17-22.18.05:618][ 13]LogUObjectHash: Compacting FUObjectHashTables data took   3.86ms
[2024.06.17-22.18.05:620][ 13]LogFileHelpers: Editor autosave (incl. external actors) for '/Game/FirstPersonBP/Maps/L_Main_level' took 0.333
[2024.06.17-22.18.05:633][ 13]OBJ SavePackage: Generating thumbnails for [0] asset(s) in package [/Game/BDZ_Content/Widgets/W_StartInfo] ([2] browsable assets)...
[2024.06.17-22.18.05:639][ 13]OBJ SavePackage: Finished generating thumbnails for package [/Game/BDZ_Content/Widgets/W_StartInfo]
[2024.06.17-22.18.05:643][ 13]LogSavePackage: Moving 'C:/Users/Алиса/Documents/GitHub/BDZ/BDZ_UE4/Saved/W_StartInfo_Auto11F92C8AF466B8925B590D08C44D87B5B.tmp' to 'C:/Users/Алиса/Documents/GitHub/BDZ/BDZ_UE4/Saved/Autosaves/Game/BDZ_Content/Widgets/W_StartInfo_Auto1.uasset'
[2024.06.17-22.18.05:645][ 13]LogFileHelpers: Auto-saving content packages took 0.024
[2024.06.17-22.29.17:158][307]BlueprintLog: New page: Compile W_StartInfo
[2024.06.17-22.29.17:204][307]LogUObjectHash: Compacting FUObjectHashTables data took   3.53ms
[2024.06.17-22.29.17:830][353]Cmd: OBJ SAVEPACKAGE PACKAGE="/Game/BDZ_Content/Widgets/W_StartInfo" FILE="C:/Users/Алиса/Documents/GitHub/BDZ/BDZ_UE4/Content/BDZ_Content/Widgets/W_StartInfo.uasset" SILENT=true
[2024.06.17-22.29.17:834][353]LogSavePackage: Moving 'C:/Users/Алиса/Documents/GitHub/BDZ/BDZ_UE4/Saved/W_StartInfo769F58F74B58F7224930FAA60791AF6A.tmp' to 'C:/Users/Алиса/Documents/GitHub/BDZ/BDZ_UE4/Content/BDZ_Content/Widgets/W_StartInfo.uasset'
[2024.06.17-22.29.17:858][353]AssetCheck: New page: Asset Save: W_StartInfo
[2024.06.17-22.29.17:858][353]LogContentValidation: Display: Validating WidgetBlueprint /Game/BDZ_Content/Widgets/W_StartInfo.W_StartInfo
[2024.06.17-22.30.23:024][990]LogWindowsTextInputMethodSystem: Display: IME system deactivated.
[2024.06.17-22.30.23:024][990]LogWindowsTextInputMethodSystem: Display: IME system deactivated.
[2024.06.17-22.30.58:561][325]LogSlate: Window 'Color Picker' being destroyed
[2024.06.17-22.31.10:254][425]LogSlate: Window 'Color Picker' being destroyed
[2024.06.17-22.31.20:583][444]LogSlate: Window 'Color Picker' being destroyed
[2024.06.17-22.32.03:722][805]LogUObjectHash: Compacting FUObjectHashTables data took   4.21ms
[2024.06.17-22.32.03:724][805]LogFileHelpers: Editor autosave (incl. external actors) for '/Game/FirstPersonBP/Maps/L_Main_level' took 0.044
[2024.06.17-22.32.03:724][805]OBJ SavePackage: Generating thumbnails for [0] asset(s) in package [/Game/BDZ_Content/Widgets/W_StartInfo] ([2] browsable assets)...
[2024.06.17-22.32.03:724][805]OBJ SavePackage: Finished generating thumbnails for package [/Game/BDZ_Content/Widgets/W_StartInfo]
[2024.06.17-22.32.03:729][805]LogSavePackage: Moving 'C:/Users/Алиса/Documents/GitHub/BDZ/BDZ_UE4/Saved/W_StartInfo_Auto240D31631449F0F921E9A4B961D4EDCDD.tmp' to 'C:/Users/Алиса/Documents/GitHub/BDZ/BDZ_UE4/Saved/Autosaves/Game/BDZ_Content/Widgets/W_StartInfo_Auto2.uasset'
[2024.06.17-22.32.03:730][805]LogFileHelpers: Auto-saving content packages took 0.007
[2024.06.17-22.32.09:732][290]BlueprintLog: New page: Compile W_StartInfo
[2024.06.17-22.32.09:771][290]LogUObjectHash: Compacting FUObjectHashTables data took   2.92ms
[2024.06.17-22.32.10:521][367]Cmd: OBJ SAVEPACKAGE PACKAGE="/Game/BDZ_Content/Widgets/W_StartInfo" FILE="C:/Users/Алиса/Documents/GitHub/BDZ/BDZ_UE4/Content/BDZ_Content/Widgets/W_StartInfo.uasset" SILENT=true
[2024.06.17-22.32.10:526][367]LogSavePackage: Moving 'C:/Users/Алиса/Documents/GitHub/BDZ/BDZ_UE4/Saved/W_StartInfo1C2719E648E2711CAD5D20A6196B8A79.tmp' to 'C:/Users/Алиса/Documents/GitHub/BDZ/BDZ_UE4/Content/BDZ_Content/Widgets/W_StartInfo.uasset'
[2024.06.17-22.32.10:551][367]AssetCheck: New page: Asset Save: W_StartInfo
[2024.06.17-22.32.10:551][367]LogContentValidation: Display: Validating WidgetBlueprint /Game/BDZ_Content/Widgets/W_StartInfo.W_StartInfo
[2024.06.17-22.32.34:215][851]BlueprintLog: New page: Compile W_StartInfo
[2024.06.17-22.32.34:594][851]LogUObjectHash: Compacting FUObjectHashTables data took   3.45ms
[2024.06.17-22.32.35:078][902]Cmd: OBJ SAVEPACKAGE PACKAGE="/Game/BDZ_Content/Widgets/W_StartInfo" FILE="C:/Users/Алиса/Documents/GitHub/BDZ/BDZ_UE4/Content/BDZ_Content/Widgets/W_StartInfo.uasset" SILENT=true
[2024.06.17-22.32.35:105][902]LogSavePackage: Moving 'C:/Users/Алиса/Documents/GitHub/BDZ/BDZ_UE4/Saved/W_StartInfoD1C1BC5645F94B59F20AA887446F39EB.tmp' to 'C:/Users/Алиса/Documents/GitHub/BDZ/BDZ_UE4/Content/BDZ_Content/Widgets/W_StartInfo.uasset'
[2024.06.17-22.32.35:124][902]AssetCheck: New page: Asset Save: W_StartInfo
[2024.06.17-22.32.35:124][902]LogContentValidation: Display: Validating WidgetBlueprint /Game/BDZ_Content/Widgets/W_StartInfo.W_StartInfo
[2024.06.17-22.38.14:135][278]LogSlate: Took 0.008271 seconds to synchronously load lazily loaded font '../../../Engine/Content/Slate/Fonts/Roboto-Italic.ttf' (157K)
[2024.06.17-22.44.50:724][544]BlueprintLog: New page: Compile W_StartInfo
[2024.06.17-22.44.50:786][544]LogUObjectHash: Compacting FUObjectHashTables data took   4.51ms
[2024.06.17-22.44.53:666][758]Cmd: OBJ SAVEPACKAGE PACKAGE="/Game/BDZ_Content/Widgets/W_StartInfo" FILE="C:/Users/Алиса/Documents/GitHub/BDZ/BDZ_UE4/Content/BDZ_Content/Widgets/W_StartInfo.uasset" SILENT=true
[2024.06.17-22.44.53:985][758]LogSavePackage: Moving 'C:/Users/Алиса/Documents/GitHub/BDZ/BDZ_UE4/Saved/W_StartInfoF35FBD5343258162BA4DAA873B93E8D4.tmp' to 'C:/Users/Алиса/Documents/GitHub/BDZ/BDZ_UE4/Content/BDZ_Content/Widgets/W_StartInfo.uasset'
[2024.06.17-22.44.54:005][758]AssetCheck: New page: Asset Save: W_StartInfo
[2024.06.17-22.44.54:005][758]LogContentValidation: Display: Validating WidgetBlueprint /Game/BDZ_Content/Widgets/W_StartInfo.W_StartInfo
[2024.06.17-22.44.59:808][258]Cmd: OBJ SAVEPACKAGE PACKAGE="/Game/BDZ_Content/Widgets/W_PrinterMenu" FILE="C:/Users/Алиса/Documents/GitHub/BDZ/BDZ_UE4/Content/BDZ_Content/Widgets/W_PrinterMenu.uasset" SILENT=true
[2024.06.17-22.45.00:153][258]LogSavePackage: Moving 'C:/Users/Алиса/Documents/GitHub/BDZ/BDZ_UE4/Saved/W_PrinterMenu4379E5A74A738074E323089D96C25ED3.tmp' to 'C:/Users/Алиса/Documents/GitHub/BDZ/BDZ_UE4/Content/BDZ_Content/Widgets/W_PrinterMenu.uasset'
[2024.06.17-22.45.00:177][258]AssetCheck: New page: Asset Save: W_PrinterMenu
[2024.06.17-22.45.00:177][258]LogContentValidation: Display: Validating WidgetBlueprint /Game/BDZ_Content/Widgets/W_PrinterMenu.W_PrinterMenu
